{"/home/travis/build/npmtest/node-npmtest-restler/test.js":{"path":"/home/travis/build/npmtest/node-npmtest-restler/test.js","s":{"1":2,"2":2,"3":2,"4":2,"5":2,"6":2,"7":2,"8":1,"9":2,"10":2,"11":1,"12":1,"13":1,"14":1,"15":2,"16":2,"17":2,"18":2,"19":1,"20":1,"21":2,"22":2,"23":2,"24":1,"25":1,"26":1,"27":1,"28":1,"29":1,"30":1,"31":1,"32":1,"33":1,"34":1,"35":1,"36":1,"37":2,"38":2,"39":1,"40":2,"41":2,"42":1,"43":2,"44":2,"45":1,"46":2,"47":2,"48":1,"49":1,"50":1,"51":1,"52":1},"b":{"1":[2,1,1,1],"2":[1,1,1,1],"3":[1,1],"4":[1,1],"5":[1,1],"6":[1,1],"7":[1,1],"8":[1,1],"9":[1,1,1],"10":[1,1],"11":[1,1],"12":[1,1],"13":[1,1],"14":[1,1],"15":[1,1],"16":[1,1]},"f":{"1":2,"2":2,"3":2,"4":2,"5":2,"6":1,"7":1,"8":2,"9":2,"10":2,"11":2,"12":1},"fnMap":{"1":{"name":"(anonymous_1)","line":12,"loc":{"start":{"line":12,"column":1},"end":{"line":12,"column":13}}},"2":{"name":"(anonymous_2)","line":19,"loc":{"start":{"line":19,"column":5},"end":{"line":19,"column":17}}},"3":{"name":"(anonymous_3)","line":23,"loc":{"start":{"line":23,"column":24},"end":{"line":23,"column":36}}},"4":{"name":"(anonymous_4)","line":61,"loc":{"start":{"line":61,"column":5},"end":{"line":61,"column":17}}},"5":{"name":"(anonymous_5)","line":82,"loc":{"start":{"line":82,"column":5},"end":{"line":82,"column":17}}},"6":{"name":"(anonymous_6)","line":102,"loc":{"start":{"line":102,"column":83},"end":{"line":105,"column":10}},"skip":true},"7":{"name":"(anonymous_7)","line":113,"loc":{"start":{"line":113,"column":77},"end":{"line":116,"column":10}},"skip":true},"8":{"name":"(anonymous_8)","line":129,"loc":{"start":{"line":129,"column":12},"end":{"line":129,"column":40}},"skip":true},"9":{"name":"(anonymous_9)","line":137,"loc":{"start":{"line":137,"column":77},"end":{"line":140,"column":10}},"skip":true},"10":{"name":"(anonymous_10)","line":148,"loc":{"start":{"line":148,"column":83},"end":{"line":151,"column":10}},"skip":true},"11":{"name":"(anonymous_11)","line":159,"loc":{"start":{"line":159,"column":79},"end":{"line":162,"column":10}},"skip":true},"12":{"name":"(anonymous_12)","line":170,"loc":{"start":{"line":170,"column":75},"end":{"line":173,"column":10}},"skip":true}},"statementMap":{"1":{"start":{"line":12,"column":0},"end":{"line":185,"column":5}},"2":{"start":{"line":14,"column":4},"end":{"line":14,"column":14}},"3":{"start":{"line":19,"column":4},"end":{"line":56,"column":9}},"4":{"start":{"line":21,"column":8},"end":{"line":21,"column":19}},"5":{"start":{"line":23,"column":8},"end":{"line":35,"column":13}},"6":{"start":{"line":24,"column":12},"end":{"line":34,"column":13}},"7":{"start":{"line":25,"column":16},"end":{"line":28,"column":30}},"8":{"start":{"line":30,"column":16},"end":{"line":33,"column":27}},"9":{"start":{"line":37,"column":8},"end":{"line":39,"column":21}},"10":{"start":{"line":40,"column":8},"end":{"line":53,"column":9}},"11":{"start":{"line":43,"column":12},"end":{"line":46,"column":14}},"12":{"start":{"line":47,"column":12},"end":{"line":47,"column":18}},"13":{"start":{"line":50,"column":12},"end":{"line":51,"column":46}},"14":{"start":{"line":52,"column":12},"end":{"line":52,"column":18}},"15":{"start":{"line":55,"column":8},"end":{"line":55,"column":35}},"16":{"start":{"line":61,"column":4},"end":{"line":63,"column":9}},"17":{"start":{"line":62,"column":8},"end":{"line":62,"column":15}},"18":{"start":{"line":64,"column":4},"end":{"line":77,"column":5}},"19":{"start":{"line":70,"column":8},"end":{"line":70,"column":14}},"20":{"start":{"line":76,"column":8},"end":{"line":76,"column":14}},"21":{"start":{"line":82,"column":4},"end":{"line":84,"column":9}},"22":{"start":{"line":83,"column":8},"end":{"line":83,"column":15}},"23":{"start":{"line":85,"column":4},"end":{"line":184,"column":5}},"24":{"start":{"line":92,"column":8},"end":{"line":94,"column":63}},"25":{"start":{"line":95,"column":8},"end":{"line":95,"column":14}},"26":{"start":{"line":102,"column":8},"end":{"line":111,"column":10},"skip":true},"27":{"start":{"line":109,"column":12},"end":{"line":109,"column":55},"skip":true},"28":{"start":{"line":110,"column":12},"end":{"line":110,"column":48},"skip":true},"29":{"start":{"line":113,"column":8},"end":{"line":126,"column":10},"skip":true},"30":{"start":{"line":120,"column":12},"end":{"line":120,"column":76},"skip":true},"31":{"start":{"line":121,"column":12},"end":{"line":121,"column":73},"skip":true},"32":{"start":{"line":122,"column":12},"end":{"line":122,"column":74},"skip":true},"33":{"start":{"line":123,"column":12},"end":{"line":123,"column":79},"skip":true},"34":{"start":{"line":124,"column":12},"end":{"line":124,"column":25},"skip":true},"35":{"start":{"line":125,"column":12},"end":{"line":125,"column":45},"skip":true},"36":{"start":{"line":128,"column":8},"end":{"line":135,"column":14},"skip":true},"37":{"start":{"line":133,"column":16},"end":{"line":133,"column":29},"skip":true},"38":{"start":{"line":134,"column":16},"end":{"line":134,"column":55},"skip":true},"39":{"start":{"line":137,"column":8},"end":{"line":146,"column":10},"skip":true},"40":{"start":{"line":144,"column":12},"end":{"line":144,"column":25},"skip":true},"41":{"start":{"line":145,"column":12},"end":{"line":145,"column":45},"skip":true},"42":{"start":{"line":148,"column":8},"end":{"line":157,"column":10},"skip":true},"43":{"start":{"line":155,"column":12},"end":{"line":155,"column":25},"skip":true},"44":{"start":{"line":156,"column":12},"end":{"line":156,"column":48},"skip":true},"45":{"start":{"line":159,"column":8},"end":{"line":168,"column":10},"skip":true},"46":{"start":{"line":166,"column":12},"end":{"line":166,"column":25},"skip":true},"47":{"start":{"line":167,"column":12},"end":{"line":167,"column":46},"skip":true},"48":{"start":{"line":170,"column":8},"end":{"line":179,"column":10},"skip":true},"49":{"start":{"line":177,"column":12},"end":{"line":177,"column":94},"skip":true},"50":{"start":{"line":178,"column":12},"end":{"line":178,"column":48},"skip":true},"51":{"start":{"line":182,"column":8},"end":{"line":182,"column":35},"skip":true},"52":{"start":{"line":183,"column":8},"end":{"line":183,"column":14},"skip":true}},"branchMap":{"1":{"line":25,"type":"binary-expr","locations":[{"start":{"line":25,"column":23},"end":{"line":25,"column":62}},{"start":{"line":26,"column":20},"end":{"line":26,"column":70}},{"start":{"line":27,"column":20},"end":{"line":27,"column":71}},{"start":{"line":28,"column":20},"end":{"line":28,"column":29}}]},"2":{"line":30,"type":"binary-expr","locations":[{"start":{"line":30,"column":23},"end":{"line":30,"column":37}},{"start":{"line":31,"column":20},"end":{"line":31,"column":61}},{"start":{"line":32,"column":20},"end":{"line":32,"column":70}},{"start":{"line":33,"column":20},"end":{"line":33,"column":26}}]},"3":{"line":37,"type":"cond-expr","locations":[{"start":{"line":38,"column":14},"end":{"line":38,"column":20}},{"start":{"line":39,"column":14},"end":{"line":39,"column":20}}]},"4":{"line":40,"type":"switch","locations":[{"start":{"line":42,"column":8},"end":{"line":47,"column":18}},{"start":{"line":49,"column":8},"end":{"line":52,"column":18}}]},"5":{"line":44,"type":"binary-expr","locations":[{"start":{"line":44,"column":16},"end":{"line":44,"column":44}},{"start":{"line":44,"column":48},"end":{"line":44,"column":66}}]},"6":{"line":50,"type":"binary-expr","locations":[{"start":{"line":50,"column":21},"end":{"line":50,"column":49}},{"start":{"line":50,"column":53},"end":{"line":50,"column":72}}]},"7":{"line":64,"type":"switch","locations":[{"start":{"line":69,"column":4},"end":{"line":70,"column":14}},{"start":{"line":75,"column":4},"end":{"line":76,"column":14}}]},"8":{"line":85,"type":"switch","locations":[{"start":{"line":90,"column":4},"end":{"line":95,"column":14}},{"start":{"line":101,"column":4},"end":{"line":183,"column":14},"skip":true}]},"9":{"line":92,"type":"binary-expr","locations":[{"start":{"line":92,"column":18},"end":{"line":92,"column":32}},{"start":{"line":93,"column":12},"end":{"line":93,"column":53}},{"start":{"line":94,"column":12},"end":{"line":94,"column":61}}]},"10":{"line":102,"type":"binary-expr","locations":[{"start":{"line":102,"column":45},"end":{"line":102,"column":79},"skip":true},{"start":{"line":102,"column":83},"end":{"line":111,"column":9},"skip":true}]},"11":{"line":113,"type":"binary-expr","locations":[{"start":{"line":113,"column":42},"end":{"line":113,"column":73},"skip":true},{"start":{"line":113,"column":77},"end":{"line":126,"column":9},"skip":true}]},"12":{"line":128,"type":"binary-expr","locations":[{"start":{"line":128,"column":48},"end":{"line":128,"column":85},"skip":true},{"start":{"line":129,"column":12},"end":{"line":135,"column":13},"skip":true}]},"13":{"line":137,"type":"binary-expr","locations":[{"start":{"line":137,"column":42},"end":{"line":137,"column":73},"skip":true},{"start":{"line":137,"column":77},"end":{"line":146,"column":9},"skip":true}]},"14":{"line":148,"type":"binary-expr","locations":[{"start":{"line":148,"column":45},"end":{"line":148,"column":79},"skip":true},{"start":{"line":148,"column":83},"end":{"line":157,"column":9},"skip":true}]},"15":{"line":159,"type":"binary-expr","locations":[{"start":{"line":159,"column":43},"end":{"line":159,"column":75},"skip":true},{"start":{"line":159,"column":79},"end":{"line":168,"column":9},"skip":true}]},"16":{"line":170,"type":"binary-expr","locations":[{"start":{"line":170,"column":41},"end":{"line":170,"column":71},"skip":true},{"start":{"line":170,"column":75},"end":{"line":179,"column":9},"skip":true}]}},"code":["/* istanbul instrument in package npmtest_restler */","/*jslint","    bitwise: true,","    browser: true,","    maxerr: 8,","    maxlen: 96,","    node: true,","    nomen: true,","    regexp: true,","    stupid: true","*/","(function () {","    'use strict';","    var local;","","","","    // run shared js-env code - pre-init","    (function () {","        // init local","        local = {};","        // init modeJs","        local.modeJs = (function () {","            try {","                return typeof navigator.userAgent === 'string' &&","                    typeof document.querySelector('body') === 'object' &&","                    typeof XMLHttpRequest.prototype.open === 'function' &&","                    'browser';","            } catch (errorCaughtBrowser) {","                return module.exports &&","                    typeof process.versions.node === 'string' &&","                    typeof require('http').createServer === 'function' &&","                    'node';","            }","        }());","        // init global","        local.global = local.modeJs === 'browser'","            ? window","            : global;","        switch (local.modeJs) {","        // re-init local from window.local","        case 'browser':","            local = local.global.utility2.objectSetDefault(","                local.global.utility2_rollup || local.global.local,","                local.global.utility2","            );","            break;","        // re-init local from example.js","        case 'node':","            local = (local.global.utility2_rollup || require('utility2'))","                .requireExampleJsFromReadme();","            break;","        }","        // export local","        local.global.local = local;","    }());","","","","    // run shared js-env code - function","    (function () {","        return;","    }());","    switch (local.modeJs) {","","","","    // run browser js-env code - function","    case 'browser':","        break;","","","","    // run node js-env code - function","    case 'node':","        break;","    }","","","","    // run shared js-env code - post-init","    (function () {","        return;","    }());","    switch (local.modeJs) {","","","","    // run browser js-env code - post-init","    case 'browser':","        // run tests","        local.nop(local.modeTest &&","            document.querySelector('#testRunButton1') &&","            document.querySelector('#testRunButton1').click());","        break;","","","","    // run node js-env code - post-init","    /* istanbul ignore next */","    case 'node':","        local.testCase_buildApidoc_default = local.testCase_buildApidoc_default || function (","            options,","            onError","        ) {","        /*","         * this function will test buildApidoc's default handling-behavior-behavior","         */","            options = { modulePathList: module.paths };","            local.buildApidoc(options, onError);","        };","","        local.testCase_buildApp_default = local.testCase_buildApp_default || function (","            options,","            onError","        ) {","        /*","         * this function will test buildApp's default handling-behavior-behavior","         */","            local.testCase_buildReadme_default(options, local.onErrorThrow);","            local.testCase_buildLib_default(options, local.onErrorThrow);","            local.testCase_buildTest_default(options, local.onErrorThrow);","            local.testCase_buildCustomOrg_default(options, local.onErrorThrow);","            options = [];","            local.buildApp(options, onError);","        };","","        local.testCase_buildCustomOrg_default = local.testCase_buildCustomOrg_default ||","            function (options, onError) {","            /*","             * this function will test buildCustomOrg's default handling-behavior","             */","                options = {};","                local.buildCustomOrg(options, onError);","            };","","        local.testCase_buildLib_default = local.testCase_buildLib_default || function (","            options,","            onError","        ) {","        /*","         * this function will test buildLib's default handling-behavior","         */","            options = {};","            local.buildLib(options, onError);","        };","","        local.testCase_buildReadme_default = local.testCase_buildReadme_default || function (","            options,","            onError","        ) {","        /*","         * this function will test buildReadme's default handling-behavior-behavior","         */","            options = {};","            local.buildReadme(options, onError);","        };","","        local.testCase_buildTest_default = local.testCase_buildTest_default || function (","            options,","            onError","        ) {","        /*","         * this function will test buildTest's default handling-behavior","         */","            options = {};","            local.buildTest(options, onError);","        };","","        local.testCase_webpage_default = local.testCase_webpage_default || function (","            options,","            onError","        ) {","        /*","         * this function will test webpage's default handling-behavior","         */","            options = { modeCoverageMerge: true, url: local.serverLocalHost + '?modeTest=1' };","            local.browserTest(options, onError);","        };","","        // run test-server","        local.testRunServer(local);","        break;","    }","}());",""],"l":{"12":2,"14":2,"19":2,"21":2,"23":2,"24":2,"25":2,"30":1,"37":2,"40":2,"43":1,"47":1,"50":1,"52":1,"55":2,"61":2,"62":2,"64":2,"70":1,"76":1,"82":2,"83":2,"85":2,"92":1,"95":1,"102":1,"109":1,"110":1,"113":1,"120":1,"121":1,"122":1,"123":1,"124":1,"125":1,"128":1,"133":2,"134":2,"137":1,"144":2,"145":2,"148":1,"155":2,"156":2,"159":1,"166":2,"167":2,"170":1,"177":1,"178":1,"182":1,"183":1}},"/home/travis/build/npmtest/node-npmtest-restler/lib.npmtest_restler.js":{"path":"/home/travis/build/npmtest/node-npmtest-restler/lib.npmtest_restler.js","s":{"1":2,"2":2,"3":2,"4":2,"5":2,"6":2,"7":2,"8":1,"9":2,"10":2,"11":2,"12":2,"13":1,"14":1,"15":1,"16":1},"b":{"1":[2,1,1,1],"2":[1,1,1,1],"3":[1,1],"4":[2,2],"5":[1,1]},"f":{"1":2,"2":2,"3":2},"fnMap":{"1":{"name":"(anonymous_1)","line":12,"loc":{"start":{"line":12,"column":1},"end":{"line":12,"column":13}}},"2":{"name":"(anonymous_2)","line":19,"loc":{"start":{"line":19,"column":5},"end":{"line":19,"column":17}}},"3":{"name":"(anonymous_3)","line":23,"loc":{"start":{"line":23,"column":24},"end":{"line":23,"column":36}}}},"statementMap":{"1":{"start":{"line":12,"column":0},"end":{"line":53,"column":5}},"2":{"start":{"line":14,"column":4},"end":{"line":14,"column":14}},"3":{"start":{"line":19,"column":4},"end":{"line":52,"column":9}},"4":{"start":{"line":21,"column":8},"end":{"line":21,"column":19}},"5":{"start":{"line":23,"column":8},"end":{"line":35,"column":13}},"6":{"start":{"line":24,"column":12},"end":{"line":34,"column":13}},"7":{"start":{"line":25,"column":16},"end":{"line":28,"column":30}},"8":{"start":{"line":30,"column":16},"end":{"line":33,"column":27}},"9":{"start":{"line":37,"column":8},"end":{"line":39,"column":21}},"10":{"start":{"line":41,"column":8},"end":{"line":41,"column":54}},"11":{"start":{"line":43,"column":8},"end":{"line":43,"column":52}},"12":{"start":{"line":45,"column":8},"end":{"line":51,"column":9}},"13":{"start":{"line":46,"column":12},"end":{"line":46,"column":58}},"14":{"start":{"line":48,"column":12},"end":{"line":48,"column":35}},"15":{"start":{"line":49,"column":12},"end":{"line":49,"column":49}},"16":{"start":{"line":50,"column":12},"end":{"line":50,"column":43}}},"branchMap":{"1":{"line":25,"type":"binary-expr","locations":[{"start":{"line":25,"column":23},"end":{"line":25,"column":62}},{"start":{"line":26,"column":20},"end":{"line":26,"column":70}},{"start":{"line":27,"column":20},"end":{"line":27,"column":71}},{"start":{"line":28,"column":20},"end":{"line":28,"column":29}}]},"2":{"line":30,"type":"binary-expr","locations":[{"start":{"line":30,"column":23},"end":{"line":30,"column":37}},{"start":{"line":31,"column":20},"end":{"line":31,"column":61}},{"start":{"line":32,"column":20},"end":{"line":32,"column":70}},{"start":{"line":33,"column":20},"end":{"line":33,"column":26}}]},"3":{"line":37,"type":"cond-expr","locations":[{"start":{"line":38,"column":14},"end":{"line":38,"column":20}},{"start":{"line":39,"column":14},"end":{"line":39,"column":20}}]},"4":{"line":41,"type":"binary-expr","locations":[{"start":{"line":41,"column":16},"end":{"line":41,"column":44}},{"start":{"line":41,"column":48},"end":{"line":41,"column":53}}]},"5":{"line":45,"type":"if","locations":[{"start":{"line":45,"column":8},"end":{"line":45,"column":8}},{"start":{"line":45,"column":8},"end":{"line":45,"column":8}}]}},"code":["/* istanbul instrument in package npmtest_restler */","/*jslint","    bitwise: true,","    browser: true,","    maxerr: 8,","    maxlen: 96,","    node: true,","    nomen: true,","    regexp: true,","    stupid: true","*/","(function () {","    'use strict';","    var local;","","","","    // run shared js-env code - pre-init","    (function () {","        // init local","        local = {};","        // init modeJs","        local.modeJs = (function () {","            try {","                return typeof navigator.userAgent === 'string' &&","                    typeof document.querySelector('body') === 'object' &&","                    typeof XMLHttpRequest.prototype.open === 'function' &&","                    'browser';","            } catch (errorCaughtBrowser) {","                return module.exports &&","                    typeof process.versions.node === 'string' &&","                    typeof require('http').createServer === 'function' &&","                    'node';","            }","        }());","        // init global","        local.global = local.modeJs === 'browser'","            ? window","            : global;","        // init utility2_rollup","        local = local.global.utility2_rollup || local;","        // init lib","        local.local = local.npmtest_restler = local;","        // init exports","        if (local.modeJs === 'browser') {","            local.global.utility2_npmtest_restler = local;","        } else {","            module.exports = local;","            module.exports.__dirname = __dirname;","            module.exports.module = module;","        }","    }());","}());",""],"l":{"12":2,"14":2,"19":2,"21":2,"23":2,"24":2,"25":2,"30":1,"37":2,"41":2,"43":2,"45":2,"46":1,"48":1,"49":1,"50":1}},"/home/travis/build/npmtest/node-npmtest-restler/example.js":{"path":"/home/travis/build/npmtest/node-npmtest-restler/example.js","s":{"1":2,"2":2,"3":2,"4":2,"5":2,"6":2,"7":2,"8":1,"9":2,"10":2,"11":2,"12":2,"13":1,"14":2,"15":2,"16":2,"17":2,"18":2,"19":0,"20":2,"21":1,"22":1,"23":1,"24":1,"25":1,"26":0,"27":0,"28":1,"29":1,"30":2,"31":0,"32":0,"33":0,"34":1,"35":2,"36":2,"37":2,"38":2,"39":2,"40":2,"41":0,"42":2,"43":2,"44":2,"45":1,"46":3,"47":1,"48":1,"49":1,"50":1,"51":1,"52":1,"53":1,"54":1,"55":1,"56":1,"57":0,"58":1,"59":6,"60":6,"61":1,"62":2,"63":0,"64":2,"65":1,"66":1,"67":0,"68":0,"69":0,"70":0,"71":0,"72":0,"73":0,"74":0,"75":0,"76":0,"77":0,"78":0,"79":0,"80":0,"81":0,"82":0,"83":0},"b":{"1":[2,1,1,1],"2":[1,1,1,1],"3":[1,1],"4":[2,2],"5":[1,1],"6":[1,1],"7":[2,0],"8":[2,1,1,1,1,1],"9":[0,2,0],"10":[1,1],"11":[2,1,1],"12":[1,0],"13":[0,2],"14":[2,0,0,0,0,0,0],"15":[0,2],"16":[2,0],"17":[1,1],"18":[0,1],"19":[1,2,0,2],"20":[1,0],"21":[1,1],"22":[0,0],"23":[0,0],"24":[0,0],"25":[0,0],"26":[0,0],"27":[0,0],"28":[0,0]},"f":{"1":2,"2":2,"3":2,"4":2,"5":2,"6":2,"7":2,"8":2,"9":3,"10":1,"11":6,"12":0},"fnMap":{"1":{"name":"(anonymous_1)","line":26,"loc":{"start":{"line":26,"column":1},"end":{"line":26,"column":13}}},"2":{"name":"(anonymous_2)","line":33,"loc":{"start":{"line":33,"column":5},"end":{"line":33,"column":17}}},"3":{"name":"(anonymous_3)","line":37,"loc":{"start":{"line":37,"column":24},"end":{"line":37,"column":36}}},"4":{"name":"(anonymous_4)","line":69,"loc":{"start":{"line":69,"column":31},"end":{"line":69,"column":48}},"skip":true},"5":{"name":"(anonymous_5)","line":78,"loc":{"start":{"line":78,"column":26},"end":{"line":78,"column":45}},"skip":true},"6":{"name":"(anonymous_6)","line":123,"loc":{"start":{"line":123,"column":33},"end":{"line":123,"column":48}},"skip":true},"7":{"name":"(anonymous_7)","line":125,"loc":{"start":{"line":125,"column":27},"end":{"line":125,"column":39}},"skip":true},"8":{"name":"(anonymous_8)","line":133,"loc":{"start":{"line":133,"column":59},"end":{"line":133,"column":74}},"skip":true},"9":{"name":"(anonymous_9)","line":143,"loc":{"start":{"line":143,"column":45},"end":{"line":143,"column":62}},"skip":true},"10":{"name":"(anonymous_10)","line":144,"loc":{"start":{"line":144,"column":73},"end":{"line":144,"column":92}},"skip":true},"11":{"name":"(anonymous_11)","line":272,"loc":{"start":{"line":272,"column":51},"end":{"line":272,"column":77}},"skip":true},"12":{"name":"(anonymous_12)","line":314,"loc":{"start":{"line":314,"column":32},"end":{"line":314,"column":61}},"skip":true}},"statementMap":{"1":{"start":{"line":26,"column":0},"end":{"line":325,"column":5}},"2":{"start":{"line":28,"column":4},"end":{"line":28,"column":14}},"3":{"start":{"line":33,"column":4},"end":{"line":60,"column":9}},"4":{"start":{"line":35,"column":8},"end":{"line":35,"column":19}},"5":{"start":{"line":37,"column":8},"end":{"line":49,"column":13}},"6":{"start":{"line":38,"column":12},"end":{"line":48,"column":13}},"7":{"start":{"line":39,"column":16},"end":{"line":42,"column":30}},"8":{"start":{"line":44,"column":16},"end":{"line":47,"column":27}},"9":{"start":{"line":51,"column":8},"end":{"line":53,"column":21}},"10":{"start":{"line":55,"column":8},"end":{"line":57,"column":45}},"11":{"start":{"line":59,"column":8},"end":{"line":59,"column":35}},"12":{"start":{"line":61,"column":4},"end":{"line":324,"column":5}},"13":{"start":{"line":69,"column":8},"end":{"line":121,"column":10},"skip":true},"14":{"start":{"line":70,"column":12},"end":{"line":88,"column":13},"skip":true},"15":{"start":{"line":76,"column":16},"end":{"line":87,"column":19},"skip":true},"16":{"start":{"line":79,"column":20},"end":{"line":86,"column":21},"skip":true},"17":{"start":{"line":82,"column":24},"end":{"line":82,"column":43},"skip":true},"18":{"start":{"line":83,"column":24},"end":{"line":83,"column":30},"skip":true},"19":{"start":{"line":85,"column":24},"end":{"line":85,"column":49},"skip":true},"20":{"start":{"line":89,"column":12},"end":{"line":107,"column":13},"skip":true},"21":{"start":{"line":92,"column":16},"end":{"line":102,"column":17},"skip":true},"22":{"start":{"line":93,"column":20},"end":{"line":93,"column":86},"skip":true},"23":{"start":{"line":94,"column":20},"end":{"line":95,"column":45},"skip":true},"24":{"start":{"line":96,"column":20},"end":{"line":96,"column":42},"skip":true},"25":{"start":{"line":97,"column":20},"end":{"line":97,"column":48},"skip":true},"26":{"start":{"line":100,"column":20},"end":{"line":100,"column":85},"skip":true},"27":{"start":{"line":101,"column":20},"end":{"line":101,"column":96},"skip":true},"28":{"start":{"line":103,"column":16},"end":{"line":103,"column":22},"skip":true},"29":{"start":{"line":106,"column":16},"end":{"line":106,"column":22},"skip":true},"30":{"start":{"line":108,"column":12},"end":{"line":120,"column":13},"skip":true},"31":{"start":{"line":114,"column":16},"end":{"line":119,"column":17},"skip":true},"32":{"start":{"line":116,"column":20},"end":{"line":116,"column":78},"skip":true},"33":{"start":{"line":118,"column":20},"end":{"line":118,"column":53},"skip":true},"34":{"start":{"line":123,"column":8},"end":{"line":141,"column":11},"skip":true},"35":{"start":{"line":124,"column":12},"end":{"line":124,"column":54},"skip":true},"36":{"start":{"line":125,"column":12},"end":{"line":140,"column":14},"skip":true},"37":{"start":{"line":126,"column":16},"end":{"line":126,"column":28},"skip":true},"38":{"start":{"line":127,"column":16},"end":{"line":127,"column":69},"skip":true},"39":{"start":{"line":128,"column":16},"end":{"line":128,"column":75},"skip":true},"40":{"start":{"line":129,"column":16},"end":{"line":131,"column":17},"skip":true},"41":{"start":{"line":130,"column":20},"end":{"line":130,"column":27},"skip":true},"42":{"start":{"line":133,"column":16},"end":{"line":137,"column":36},"skip":true},"43":{"start":{"line":134,"column":20},"end":{"line":136,"column":55},"skip":true},"44":{"start":{"line":139,"column":16},"end":{"line":139,"column":57},"skip":true},"45":{"start":{"line":143,"column":8},"end":{"line":147,"column":11},"skip":true},"46":{"start":{"line":144,"column":12},"end":{"line":146,"column":15},"skip":true},"47":{"start":{"line":145,"column":16},"end":{"line":145,"column":70},"skip":true},"48":{"start":{"line":149,"column":8},"end":{"line":149,"column":31},"skip":true},"49":{"start":{"line":150,"column":8},"end":{"line":150,"column":14},"skip":true},"50":{"start":{"line":158,"column":8},"end":{"line":158,"column":31},"skip":true},"51":{"start":{"line":160,"column":8},"end":{"line":160,"column":33},"skip":true},"52":{"start":{"line":161,"column":8},"end":{"line":161,"column":37},"skip":true},"53":{"start":{"line":162,"column":8},"end":{"line":162,"column":35},"skip":true},"54":{"start":{"line":164,"column":8},"end":{"line":164,"column":50},"skip":true},"55":{"start":{"line":166,"column":8},"end":{"line":256,"column":2},"skip":true},"56":{"start":{"line":258,"column":8},"end":{"line":286,"column":9},"skip":true},"57":{"start":{"line":259,"column":12},"end":{"line":269,"column":14},"skip":true},"58":{"start":{"line":271,"column":12},"end":{"line":285,"column":19},"skip":true},"59":{"start":{"line":274,"column":20},"end":{"line":274,"column":35},"skip":true},"60":{"start":{"line":275,"column":20},"end":{"line":284,"column":21},"skip":true},"61":{"start":{"line":277,"column":24},"end":{"line":277,"column":64},"skip":true},"62":{"start":{"line":279,"column":24},"end":{"line":279,"column":40},"skip":true},"63":{"start":{"line":281,"column":24},"end":{"line":281,"column":40},"skip":true},"64":{"start":{"line":283,"column":24},"end":{"line":283,"column":39},"skip":true},"65":{"start":{"line":288,"column":8},"end":{"line":290,"column":9},"skip":true},"66":{"start":{"line":289,"column":12},"end":{"line":289,"column":18},"skip":true},"67":{"start":{"line":291,"column":8},"end":{"line":293,"column":54},"skip":true},"68":{"start":{"line":294,"column":8},"end":{"line":301,"column":37},"skip":true},"69":{"start":{"line":302,"column":8},"end":{"line":302,"column":82},"skip":true},"70":{"start":{"line":305,"column":8},"end":{"line":307,"column":9},"skip":true},"71":{"start":{"line":306,"column":12},"end":{"line":306,"column":82},"skip":true},"72":{"start":{"line":309,"column":8},"end":{"line":311,"column":9},"skip":true},"73":{"start":{"line":310,"column":12},"end":{"line":310,"column":18},"skip":true},"74":{"start":{"line":312,"column":8},"end":{"line":312,"column":54},"skip":true},"75":{"start":{"line":313,"column":8},"end":{"line":313,"column":69},"skip":true},"76":{"start":{"line":314,"column":8},"end":{"line":322,"column":36},"skip":true},"77":{"start":{"line":315,"column":12},"end":{"line":315,"column":61},"skip":true},"78":{"start":{"line":316,"column":12},"end":{"line":319,"column":13},"skip":true},"79":{"start":{"line":317,"column":16},"end":{"line":317,"column":75},"skip":true},"80":{"start":{"line":318,"column":16},"end":{"line":318,"column":23},"skip":true},"81":{"start":{"line":320,"column":12},"end":{"line":320,"column":38},"skip":true},"82":{"start":{"line":321,"column":12},"end":{"line":321,"column":27},"skip":true},"83":{"start":{"line":323,"column":8},"end":{"line":323,"column":14},"skip":true}},"branchMap":{"1":{"line":39,"type":"binary-expr","locations":[{"start":{"line":39,"column":23},"end":{"line":39,"column":62}},{"start":{"line":40,"column":20},"end":{"line":40,"column":70}},{"start":{"line":41,"column":20},"end":{"line":41,"column":71}},{"start":{"line":42,"column":20},"end":{"line":42,"column":29}}]},"2":{"line":44,"type":"binary-expr","locations":[{"start":{"line":44,"column":23},"end":{"line":44,"column":37}},{"start":{"line":45,"column":20},"end":{"line":45,"column":61}},{"start":{"line":46,"column":20},"end":{"line":46,"column":70}},{"start":{"line":47,"column":20},"end":{"line":47,"column":26}}]},"3":{"line":51,"type":"cond-expr","locations":[{"start":{"line":52,"column":14},"end":{"line":52,"column":20}},{"start":{"line":53,"column":14},"end":{"line":53,"column":20}}]},"4":{"line":55,"type":"binary-expr","locations":[{"start":{"line":55,"column":16},"end":{"line":55,"column":44}},{"start":{"line":55,"column":49},"end":{"line":57,"column":43}}]},"5":{"line":55,"type":"cond-expr","locations":[{"start":{"line":56,"column":14},"end":{"line":56,"column":51}},{"start":{"line":57,"column":14},"end":{"line":57,"column":43}}]},"6":{"line":61,"type":"switch","locations":[{"start":{"line":68,"column":4},"end":{"line":150,"column":14},"skip":true},{"start":{"line":156,"column":4},"end":{"line":323,"column":14},"skip":true}]},"7":{"line":70,"type":"if","locations":[{"start":{"line":70,"column":12},"end":{"line":70,"column":12},"skip":true},{"start":{"line":70,"column":12},"end":{"line":70,"column":12},"skip":true}]},"8":{"line":70,"type":"binary-expr","locations":[{"start":{"line":70,"column":16},"end":{"line":70,"column":22},"skip":true},{"start":{"line":70,"column":27},"end":{"line":70,"column":32},"skip":true},{"start":{"line":71,"column":20},"end":{"line":71,"column":39},"skip":true},{"start":{"line":72,"column":20},"end":{"line":72,"column":49},"skip":true},{"start":{"line":73,"column":20},"end":{"line":73,"column":58},"skip":true},{"start":{"line":74,"column":20},"end":{"line":74,"column":69},"skip":true}]},"9":{"line":79,"type":"switch","locations":[{"start":{"line":80,"column":20},"end":{"line":80,"column":33},"skip":true},{"start":{"line":81,"column":20},"end":{"line":83,"column":30},"skip":true},{"start":{"line":84,"column":20},"end":{"line":85,"column":49},"skip":true}]},"10":{"line":89,"type":"switch","locations":[{"start":{"line":90,"column":12},"end":{"line":103,"column":22},"skip":true},{"start":{"line":105,"column":12},"end":{"line":106,"column":22},"skip":true}]},"11":{"line":89,"type":"binary-expr","locations":[{"start":{"line":89,"column":20},"end":{"line":89,"column":25},"skip":true},{"start":{"line":89,"column":29},"end":{"line":89,"column":48},"skip":true},{"start":{"line":89,"column":52},"end":{"line":89,"column":74},"skip":true}]},"12":{"line":92,"type":"if","locations":[{"start":{"line":92,"column":16},"end":{"line":92,"column":16},"skip":true},{"start":{"line":92,"column":16},"end":{"line":92,"column":16},"skip":true}]},"13":{"line":108,"type":"if","locations":[{"start":{"line":108,"column":12},"end":{"line":108,"column":12},"skip":true},{"start":{"line":108,"column":12},"end":{"line":108,"column":12},"skip":true}]},"14":{"line":108,"type":"binary-expr","locations":[{"start":{"line":108,"column":16},"end":{"line":108,"column":61},"skip":true},{"start":{"line":108,"column":66},"end":{"line":108,"column":72},"skip":true},{"start":{"line":108,"column":77},"end":{"line":108,"column":82},"skip":true},{"start":{"line":109,"column":20},"end":{"line":109,"column":39},"skip":true},{"start":{"line":110,"column":20},"end":{"line":110,"column":49},"skip":true},{"start":{"line":111,"column":20},"end":{"line":111,"column":58},"skip":true},{"start":{"line":112,"column":20},"end":{"line":112,"column":68},"skip":true}]},"15":{"line":129,"type":"if","locations":[{"start":{"line":129,"column":16},"end":{"line":129,"column":16},"skip":true},{"start":{"line":129,"column":16},"end":{"line":129,"column":16},"skip":true}]},"16":{"line":134,"type":"cond-expr","locations":[{"start":{"line":135,"column":26},"end":{"line":135,"column":29},"skip":true},{"start":{"line":136,"column":26},"end":{"line":136,"column":54},"skip":true}]},"17":{"line":164,"type":"binary-expr","locations":[{"start":{"line":164,"column":27},"end":{"line":164,"column":43},"skip":true},{"start":{"line":164,"column":47},"end":{"line":164,"column":49},"skip":true}]},"18":{"line":258,"type":"if","locations":[{"start":{"line":258,"column":8},"end":{"line":258,"column":8},"skip":true},{"start":{"line":258,"column":8},"end":{"line":258,"column":8},"skip":true}]},"19":{"line":275,"type":"switch","locations":[{"start":{"line":276,"column":20},"end":{"line":277,"column":64},"skip":true},{"start":{"line":278,"column":20},"end":{"line":279,"column":40},"skip":true},{"start":{"line":280,"column":20},"end":{"line":281,"column":40},"skip":true},{"start":{"line":282,"column":20},"end":{"line":283,"column":39},"skip":true}]},"20":{"line":288,"type":"if","locations":[{"start":{"line":288,"column":8},"end":{"line":288,"column":8},"skip":true},{"start":{"line":288,"column":8},"end":{"line":288,"column":8},"skip":true}]},"21":{"line":288,"type":"binary-expr","locations":[{"start":{"line":288,"column":12},"end":{"line":288,"column":40},"skip":true},{"start":{"line":288,"column":44},"end":{"line":288,"column":67},"skip":true}]},"22":{"line":292,"type":"binary-expr","locations":[{"start":{"line":292,"column":12},"end":{"line":292,"column":50},"skip":true},{"start":{"line":293,"column":12},"end":{"line":293,"column":53},"skip":true}]},"23":{"line":295,"type":"binary-expr","locations":[{"start":{"line":295,"column":12},"end":{"line":295,"column":65},"skip":true},{"start":{"line":296,"column":12},"end":{"line":301,"column":36},"skip":true}]},"24":{"line":302,"type":"binary-expr","locations":[{"start":{"line":302,"column":43},"end":{"line":302,"column":75},"skip":true},{"start":{"line":302,"column":79},"end":{"line":302,"column":81},"skip":true}]},"25":{"line":305,"type":"if","locations":[{"start":{"line":305,"column":8},"end":{"line":305,"column":8},"skip":true},{"start":{"line":305,"column":8},"end":{"line":305,"column":8},"skip":true}]},"26":{"line":309,"type":"if","locations":[{"start":{"line":309,"column":8},"end":{"line":309,"column":8},"skip":true},{"start":{"line":309,"column":8},"end":{"line":309,"column":8},"skip":true}]},"27":{"line":312,"type":"binary-expr","locations":[{"start":{"line":312,"column":27},"end":{"line":312,"column":43},"skip":true},{"start":{"line":312,"column":47},"end":{"line":312,"column":53},"skip":true}]},"28":{"line":316,"type":"if","locations":[{"start":{"line":316,"column":12},"end":{"line":316,"column":12},"skip":true},{"start":{"line":316,"column":12},"end":{"line":316,"column":12},"skip":true}]}},"code":["/*","example.js","","quickstart example","","instruction","    1. save this script as example.js","    2. run the shell command:","        $ npm install npmtest-restler && PORT=8081 node example.js","    3. play with the browser-demo on http://127.0.0.1:8081","*/","","","","/* istanbul instrument in package npmtest_restler */","/*jslint","    bitwise: true,","    browser: true,","    maxerr: 8,","    maxlen: 96,","    node: true,","    nomen: true,","    regexp: true,","    stupid: true","*/","(function () {","    'use strict';","    var local;","","","","    // run shared js-env code - pre-init","    (function () {","        // init local","        local = {};","        // init modeJs","        local.modeJs = (function () {","            try {","                return typeof navigator.userAgent === 'string' &&","                    typeof document.querySelector('body') === 'object' &&","                    typeof XMLHttpRequest.prototype.open === 'function' &&","                    'browser';","            } catch (errorCaughtBrowser) {","                return module.exports &&","                    typeof process.versions.node === 'string' &&","                    typeof require('http').createServer === 'function' &&","                    'node';","            }","        }());","        // init global","        local.global = local.modeJs === 'browser'","            ? window","            : global;","        // init utility2_rollup","        local = local.global.utility2_rollup || (local.modeJs === 'browser'","            ? local.global.utility2_npmtest_restler","            : global.utility2_moduleExports);","        // export local","        local.global.local = local;","    }());","    switch (local.modeJs) {","","","","    // post-init","    // run browser js-env code - post-init","    /* istanbul ignore next */","    case 'browser':","        local.testRunBrowser = function (event) {","            if (!event || (event &&","                    event.currentTarget &&","                    event.currentTarget.className &&","                    event.currentTarget.className.includes &&","                    event.currentTarget.className.includes('onreset'))) {","                // reset output","                Array.from(","                    document.querySelectorAll('body > .resettable')","                ).forEach(function (element) {","                    switch (element.tagName) {","                    case 'INPUT':","                    case 'TEXTAREA':","                        element.value = '';","                        break;","                    default:","                        element.textContent = '';","                    }","                });","            }","            switch (event && event.currentTarget && event.currentTarget.id) {","            case 'testRunButton1':","                // show tests","                if (document.querySelector('#testReportDiv1').style.display === 'none') {","                    document.querySelector('#testReportDiv1').style.display = 'block';","                    document.querySelector('#testRunButton1').textContent =","                        'hide internal test';","                    local.modeTest = true;","                    local.testRunDefault(local);","                // hide tests","                } else {","                    document.querySelector('#testReportDiv1').style.display = 'none';","                    document.querySelector('#testRunButton1').textContent = 'run internal test';","                }","                break;","            // custom-case","            default:","                break;","            }","            if (document.querySelector('#inputTextareaEval1') && (!event || (event &&","                    event.currentTarget &&","                    event.currentTarget.className &&","                    event.currentTarget.className.includes &&","                    event.currentTarget.className.includes('oneval')))) {","                // try to eval input-code","                try {","                    /*jslint evil: true*/","                    eval(document.querySelector('#inputTextareaEval1').value);","                } catch (errorCaught) {","                    console.error(errorCaught.stack);","                }","            }","        };","        // log stderr and stdout to #outputTextareaStdout1","        ['error', 'log'].forEach(function (key) {","            console[key + '_original'] = console[key];","            console[key] = function () {","                var element;","                console[key + '_original'].apply(console, arguments);","                element = document.querySelector('#outputTextareaStdout1');","                if (!element) {","                    return;","                }","                // append text to #outputTextareaStdout1","                element.value += Array.from(arguments).map(function (arg) {","                    return typeof arg === 'string'","                        ? arg","                        : JSON.stringify(arg, null, 4);","                }).join(' ') + '\\n';","                // scroll textarea to bottom","                element.scrollTop = element.scrollHeight;","            };","        });","        // init event-handling","        ['change', 'click', 'keyup'].forEach(function (event) {","            Array.from(document.querySelectorAll('.on' + event)).forEach(function (element) {","                element.addEventListener(event, local.testRunBrowser);","            });","        });","        // run tests","        local.testRunBrowser();","        break;","","","","    // run node js-env code - post-init","    /* istanbul ignore next */","    case 'node':","        // export local","        module.exports = local;","        // require modules","        local.fs = require('fs');","        local.http = require('http');","        local.url = require('url');","        // init assets","        local.assetsDict = local.assetsDict || {};","        /* jslint-ignore-begin */","        local.assetsDict['/assets.index.template.html'] = '\\","<!doctype html>\\n\\","<html lang=\"en\">\\n\\","<head>\\n\\","<meta charset=\"UTF-8\">\\n\\","<meta name=\"viewport\" content=\"width=device-width, initial-scale=1\">\\n\\","<title>{{env.npm_package_name}} (v{{env.npm_package_version}})</title>\\n\\","<style>\\n\\","/*csslint\\n\\","    box-sizing: false,\\n\\","    universal-selector: false\\n\\","*/\\n\\","* {\\n\\","    box-sizing: border-box;\\n\\","}\\n\\","body {\\n\\","    background: #dde;\\n\\","    font-family: Arial, Helvetica, sans-serif;\\n\\","    margin: 2rem;\\n\\","}\\n\\","body > * {\\n\\","    margin-bottom: 1rem;\\n\\","}\\n\\",".utility2FooterDiv {\\n\\","    margin-top: 20px;\\n\\","    text-align: center;\\n\\","}\\n\\","</style>\\n\\","<style>\\n\\","/*csslint\\n\\","*/\\n\\","textarea {\\n\\","    font-family: monospace;\\n\\","    height: 10rem;\\n\\","    width: 100%;\\n\\","}\\n\\","textarea[readonly] {\\n\\","    background: #ddd;\\n\\","}\\n\\","</style>\\n\\","</head>\\n\\","<body>\\n\\","<!-- utility2-comment\\n\\","<div id=\"ajaxProgressDiv1\" style=\"background: #d00; height: 2px; left: 0; margin: 0; padding: 0; position: fixed; top: 0; transition: background 0.5s, width 1.5s; width: 25%;\"></div>\\n\\","utility2-comment -->\\n\\","<h1>\\n\\","<!-- utility2-comment\\n\\","    <a\\n\\","        {{#if env.npm_package_homepage}}\\n\\","        href=\"{{env.npm_package_homepage}}\"\\n\\","        {{/if env.npm_package_homepage}}\\n\\","        target=\"_blank\"\\n\\","    >\\n\\","utility2-comment -->\\n\\","        {{env.npm_package_name}} (v{{env.npm_package_version}})\\n\\","<!-- utility2-comment\\n\\","    </a>\\n\\","utility2-comment -->\\n\\","</h1>\\n\\","<h3>{{env.npm_package_description}}</h3>\\n\\","<!-- utility2-comment\\n\\","<h4><a download href=\"assets.app.js\">download standalone app</a></h4>\\n\\","<button class=\"onclick onreset\" id=\"testRunButton1\">run internal test</button><br>\\n\\","<div id=\"testReportDiv1\" style=\"display: none;\"></div>\\n\\","utility2-comment -->\\n\\","\\n\\","\\n\\","\\n\\","<label>stderr and stdout</label>\\n\\","<textarea class=\"resettable\" id=\"outputTextareaStdout1\" readonly></textarea>\\n\\","<!-- utility2-comment\\n\\","{{#if isRollup}}\\n\\","<script src=\"assets.app.js\"></script>\\n\\","{{#unless isRollup}}\\n\\","utility2-comment -->\\n\\","<script src=\"assets.utility2.rollup.js\"></script>\\n\\","<script src=\"jsonp.utility2._stateInit?callback=window.utility2._stateInit\"></script>\\n\\","<script src=\"assets.npmtest_restler.rollup.js\"></script>\\n\\","<script src=\"assets.example.js\"></script>\\n\\","<script src=\"assets.test.js\"></script>\\n\\","<!-- utility2-comment\\n\\","{{/if isRollup}}\\n\\","utility2-comment -->\\n\\","<div class=\"utility2FooterDiv\">\\n\\","    [ this app was created with\\n\\","    <a href=\"https://github.com/kaizhu256/node-utility2\" target=\"_blank\">utility2</a>\\n\\","    ]\\n\\","</div>\\n\\","</body>\\n\\","</html>\\n\\","';","        /* jslint-ignore-end */","        if (local.templateRender) {","            local.assetsDict['/'] = local.templateRender(","                local.assetsDict['/assets.index.template.html'],","                {","                    env: local.objectSetDefault(local.env, {","                        npm_package_description: 'the greatest app in the world!',","                        npm_package_name: 'my-app',","                        npm_package_nameAlias: 'my_app',","                        npm_package_version: '0.0.1'","                    })","                }","            );","        } else {","            local.assetsDict['/'] = local.assetsDict['/assets.index.template.html']","                .replace((/\\{\\{env\\.(\\w+?)\\}\\}/g), function (match0, match1) {","                    // jslint-hack","                    String(match0);","                    switch (match1) {","                    case 'npm_package_description':","                        return 'the greatest app in the world!';","                    case 'npm_package_name':","                        return 'my-app';","                    case 'npm_package_nameAlias':","                        return 'my_app';","                    case 'npm_package_version':","                        return '0.0.1';","                    }","                });","        }","        // run the cli","        if (local.global.utility2_rollup || module !== require.main) {","            break;","        }","        local.assetsDict['/assets.example.js'] =","            local.assetsDict['/assets.example.js'] ||","            local.fs.readFileSync(__filename, 'utf8');","        local.assetsDict['/assets.npmtest_restler.rollup.js'] =","            local.assetsDict['/assets.npmtest_restler.rollup.js'] ||","            local.fs.readFileSync(","                // buildCustomOrg-hack","                local.npmtest_restler.__dirname +","                    '/lib.npmtest_restler.js',","                'utf8'","            ).replace((/^#!/), '//');","        local.assetsDict['/favicon.ico'] = local.assetsDict['/favicon.ico'] || '';","        // if $npm_config_timeout_exit exists,","        // then exit this process after $npm_config_timeout_exit ms","        if (Number(process.env.npm_config_timeout_exit)) {","            setTimeout(process.exit, Number(process.env.npm_config_timeout_exit));","        }","        // start server","        if (local.global.utility2_serverHttp1) {","            break;","        }","        process.env.PORT = process.env.PORT || '8081';","        console.error('server starting on port ' + process.env.PORT);","        local.http.createServer(function (request, response) {","            request.urlParsed = local.url.parse(request.url);","            if (local.assetsDict[request.urlParsed.pathname] !== undefined) {","                response.end(local.assetsDict[request.urlParsed.pathname]);","                return;","            }","            response.statusCode = 404;","            response.end();","        }).listen(process.env.PORT);","        break;","    }","}());",""],"l":{"26":2,"28":2,"33":2,"35":2,"37":2,"38":2,"39":2,"44":1,"51":2,"55":2,"59":2,"61":2,"69":1,"70":2,"76":2,"79":2,"82":2,"83":2,"85":1,"89":2,"92":1,"93":1,"94":1,"96":1,"97":1,"100":1,"101":1,"103":1,"106":1,"108":2,"114":1,"116":1,"118":1,"123":1,"124":2,"125":2,"126":2,"127":2,"128":2,"129":2,"130":1,"133":2,"134":2,"139":2,"143":1,"144":3,"145":1,"149":1,"150":1,"158":1,"160":1,"161":1,"162":1,"164":1,"166":1,"258":1,"259":1,"271":1,"274":6,"275":6,"277":1,"279":2,"281":1,"283":2,"288":1,"289":1,"291":1,"294":1,"302":1,"305":1,"306":1,"309":1,"310":1,"312":1,"313":1,"314":1,"315":1,"316":1,"317":1,"318":1,"320":1,"321":1,"323":1}},"/home/travis/build/npmtest/node-npmtest-restler/restler/lib/restler.js":{"path":"/home/travis/build/npmtest/node-npmtest-restler/restler/lib/restler.js","s":{"1":1,"2":1,"3":3,"4":3,"5":42,"6":3,"7":1,"8":0,"9":0,"10":0,"11":0,"12":0,"13":0,"14":0,"15":0,"16":0,"17":0,"18":0,"19":0,"20":0,"21":0,"22":0,"23":0,"24":0,"25":0,"26":0,"27":0,"28":0,"29":0,"30":0,"31":0,"32":0,"33":0,"34":0,"35":0,"36":0,"37":0,"38":0,"39":0,"40":0,"41":0,"42":0,"43":0,"44":1,"45":1,"46":0,"47":0,"48":0,"49":0,"50":0,"51":0,"52":0,"53":0,"54":0,"55":0,"56":0,"57":0,"58":0,"59":0,"60":0,"61":0,"62":0,"63":0,"64":0,"65":0,"66":0,"67":0,"68":0,"69":0,"70":0,"71":0,"72":0,"73":0,"74":0,"75":0,"76":0,"77":0,"78":0,"79":0,"80":0,"81":0,"82":0,"83":0,"84":0,"85":0,"86":0,"87":0,"88":0,"89":0,"90":0,"91":0,"92":0,"93":0,"94":0,"95":0,"96":0,"97":0,"98":0,"99":0,"100":0,"101":0,"102":0,"103":0,"104":0,"105":0,"106":0,"107":0,"108":0,"109":0,"110":0,"111":0,"112":0,"113":0,"114":0,"115":0,"116":0,"117":0,"118":0,"119":0,"120":0,"121":0,"122":0,"123":0,"124":0,"125":0,"126":0,"127":0,"128":0,"129":0,"130":0,"131":0,"132":0,"133":0,"134":0,"135":0,"136":0,"137":0,"138":0,"139":0,"140":0,"141":0,"142":0,"143":0,"144":0,"145":0,"146":0,"147":0,"148":0,"149":0,"150":0,"151":0,"152":0,"153":0,"154":0,"155":0,"156":0,"157":0,"158":0,"159":0,"160":0,"161":0,"162":0,"163":0,"164":0,"165":0,"166":0,"167":0,"168":0,"169":0,"170":0,"171":0,"172":0,"173":0,"174":0,"175":0,"176":1,"177":0,"178":0,"179":0,"180":0,"181":0,"182":1,"183":0,"184":0,"185":0,"186":0,"187":1,"188":0,"189":1,"190":0,"191":1,"192":0,"193":1,"194":0,"195":1,"196":0,"197":1,"198":0,"199":1,"200":0,"201":0,"202":0,"203":0,"204":0,"205":0,"206":0,"207":1,"208":0,"209":1,"210":0,"211":1,"212":0,"213":1,"214":0,"215":0,"216":0,"217":0,"218":0,"219":0,"220":0,"221":0,"222":0,"223":0,"224":0,"225":0,"226":0,"227":0,"228":0,"229":0,"230":0,"231":0,"232":0,"233":0,"234":0,"235":0,"236":0,"237":0,"238":0,"239":0,"240":0,"241":1,"242":1,"243":1,"244":1,"245":0,"246":0,"247":0,"248":0,"249":0,"250":0,"251":1,"252":1,"253":1,"254":1,"255":0,"256":0,"257":0,"258":0,"259":0,"260":0,"261":0,"262":1,"263":1,"264":0,"265":0,"266":1,"267":0,"268":0,"269":0,"270":0,"271":1,"272":0,"273":0,"274":0,"275":0,"276":0,"277":0,"278":0,"279":0,"280":0,"281":0,"282":0,"283":0,"284":1,"285":0,"286":0,"287":0,"288":1},"b":{"1":[3,0],"2":[0,0],"3":[0,0],"4":[0,0],"5":[0,0],"6":[0,0],"7":[0,0],"8":[0,0],"9":[0,0],"10":[0,0],"11":[0,0],"12":[0,0],"13":[0,0],"14":[0,0],"15":[0,0],"16":[0,0],"17":[0,0],"18":[0,0],"19":[0,0],"20":[0,0],"21":[0,0],"22":[0,0],"23":[0,0],"24":[0,0],"25":[0,0],"26":[0,0],"27":[0,0],"28":[0,0],"29":[0,0],"30":[0,0],"31":[0,0],"32":[0,0],"33":[0,0],"34":[0,0],"35":[0,0],"36":[0,0],"37":[0,0],"38":[0,0],"39":[0,0],"40":[0,0],"41":[0,0],"42":[0,0],"43":[0,0],"44":[0,0],"45":[0,0],"46":[0,0],"47":[0,0],"48":[0,0],"49":[0,0],"50":[0,0],"51":[0,0],"52":[0,0],"53":[0,0],"54":[0,0],"55":[0,0],"56":[0,0],"57":[0,0],"58":[0,0],"59":[0,0],"60":[0,0],"61":[0,0],"62":[0,0],"63":[0,0],"64":[0,0],"65":[0,0],"66":[0,0],"67":[0,0],"68":[0,0],"69":[0,0],"70":[0,0],"71":[0,0],"72":[0,0],"73":[0,0],"74":[0,0],"75":[0,0]},"f":{"1":3,"2":42,"3":0,"4":0,"5":0,"6":0,"7":0,"8":0,"9":0,"10":0,"11":0,"12":0,"13":0,"14":0,"15":0,"16":0,"17":0,"18":0,"19":0,"20":0,"21":0,"22":0,"23":0,"24":0,"25":0,"26":0,"27":0,"28":0,"29":0,"30":0,"31":0,"32":0,"33":0,"34":0,"35":0,"36":0,"37":0,"38":0,"39":0,"40":0,"41":0,"42":0,"43":0,"44":0,"45":0,"46":0,"47":0,"48":0,"49":0,"50":0,"51":0,"52":0,"53":0,"54":0,"55":0,"56":0,"57":0,"58":0,"59":0,"60":0},"fnMap":{"1":{"name":"mixin","line":11,"loc":{"start":{"line":11,"column":0},"end":{"line":11,"column":31}}},"2":{"name":"(anonymous_2)","line":13,"loc":{"start":{"line":13,"column":30},"end":{"line":13,"column":44}}},"3":{"name":"Request","line":20,"loc":{"start":{"line":20,"column":0},"end":{"line":20,"column":31}}},"4":{"name":"(anonymous_4)","line":91,"loc":{"start":{"line":91,"column":15},"end":{"line":91,"column":34}}},"5":{"name":"(anonymous_5)","line":94,"loc":{"start":{"line":94,"column":13},"end":{"line":94,"column":24}}},"6":{"name":"(anonymous_6)","line":100,"loc":{"start":{"line":100,"column":14},"end":{"line":100,"column":25}}},"7":{"name":"(anonymous_7)","line":116,"loc":{"start":{"line":116,"column":20},"end":{"line":116,"column":39}}},"8":{"name":"(anonymous_8)","line":144,"loc":{"start":{"line":144,"column":26},"end":{"line":144,"column":42}}},"9":{"name":"(anonymous_9)","line":148,"loc":{"start":{"line":148,"column":25},"end":{"line":148,"column":36}}},"10":{"name":"(anonymous_10)","line":150,"loc":{"start":{"line":150,"column":59},"end":{"line":150,"column":79}}},"11":{"name":"(anonymous_11)","line":157,"loc":{"start":{"line":157,"column":39},"end":{"line":157,"column":59}}},"12":{"name":"(anonymous_12)","line":168,"loc":{"start":{"line":168,"column":11},"end":{"line":168,"column":46}}},"13":{"name":"(anonymous_13)","line":176,"loc":{"start":{"line":176,"column":10},"end":{"line":176,"column":35}}},"14":{"name":"(anonymous_14)","line":191,"loc":{"start":{"line":191,"column":11},"end":{"line":191,"column":46}}},"15":{"name":"(anonymous_15)","line":204,"loc":{"start":{"line":204,"column":14},"end":{"line":204,"column":38}}},"16":{"name":"(anonymous_16)","line":209,"loc":{"start":{"line":209,"column":22},"end":{"line":209,"column":32}}},"17":{"name":"(anonymous_17)","line":215,"loc":{"start":{"line":215,"column":16},"end":{"line":215,"column":29}}},"18":{"name":"(anonymous_18)","line":221,"loc":{"start":{"line":221,"column":16},"end":{"line":221,"column":41}}},"19":{"name":"(anonymous_19)","line":231,"loc":{"start":{"line":231,"column":16},"end":{"line":231,"column":27}}},"20":{"name":"(anonymous_20)","line":235,"loc":{"start":{"line":235,"column":42},"end":{"line":235,"column":52}}},"21":{"name":"(anonymous_21)","line":239,"loc":{"start":{"line":239,"column":32},"end":{"line":239,"column":51}}},"22":{"name":"(anonymous_22)","line":243,"loc":{"start":{"line":243,"column":19},"end":{"line":243,"column":33}}},"23":{"name":"(anonymous_23)","line":250,"loc":{"start":{"line":250,"column":10},"end":{"line":250,"column":21}}},"24":{"name":"(anonymous_24)","line":251,"loc":{"start":{"line":251,"column":50},"end":{"line":251,"column":61}}},"25":{"name":"(anonymous_25)","line":258,"loc":{"start":{"line":258,"column":7},"end":{"line":258,"column":18}}},"26":{"name":"(anonymous_26)","line":261,"loc":{"start":{"line":261,"column":55},"end":{"line":261,"column":66}}},"27":{"name":"(anonymous_27)","line":273,"loc":{"start":{"line":273,"column":9},"end":{"line":273,"column":23}}},"28":{"name":"(anonymous_28)","line":287,"loc":{"start":{"line":287,"column":29},"end":{"line":287,"column":40}}},"29":{"name":"(anonymous_29)","line":300,"loc":{"start":{"line":300,"column":9},"end":{"line":300,"column":27}}},"30":{"name":"shortcutOptions","line":313,"loc":{"start":{"line":313,"column":0},"end":{"line":313,"column":42}}},"31":{"name":"request","line":321,"loc":{"start":{"line":321,"column":0},"end":{"line":321,"column":31}}},"32":{"name":"(anonymous_32)","line":323,"loc":{"start":{"line":323,"column":22},"end":{"line":323,"column":33}}},"33":{"name":"get","line":328,"loc":{"start":{"line":328,"column":0},"end":{"line":328,"column":27}}},"34":{"name":"patch","line":332,"loc":{"start":{"line":332,"column":0},"end":{"line":332,"column":29}}},"35":{"name":"post","line":336,"loc":{"start":{"line":336,"column":0},"end":{"line":336,"column":28}}},"36":{"name":"put","line":340,"loc":{"start":{"line":340,"column":0},"end":{"line":340,"column":27}}},"37":{"name":"del","line":344,"loc":{"start":{"line":344,"column":0},"end":{"line":344,"column":27}}},"38":{"name":"head","line":348,"loc":{"start":{"line":348,"column":0},"end":{"line":348,"column":28}}},"39":{"name":"json","line":352,"loc":{"start":{"line":352,"column":0},"end":{"line":352,"column":42}}},"40":{"name":"postJson","line":362,"loc":{"start":{"line":362,"column":0},"end":{"line":362,"column":38}}},"41":{"name":"putJson","line":366,"loc":{"start":{"line":366,"column":0},"end":{"line":366,"column":37}}},"42":{"name":"patchJson","line":370,"loc":{"start":{"line":370,"column":0},"end":{"line":370,"column":39}}},"43":{"name":"(anonymous_43)","line":375,"loc":{"start":{"line":375,"column":8},"end":{"line":375,"column":33}}},"44":{"name":"(anonymous_44)","line":405,"loc":{"start":{"line":405,"column":8},"end":{"line":405,"column":33}}},"45":{"name":"(anonymous_45)","line":430,"loc":{"start":{"line":430,"column":17},"end":{"line":430,"column":42}}},"46":{"name":"(anonymous_46)","line":449,"loc":{"start":{"line":449,"column":16},"end":{"line":449,"column":41}}},"47":{"name":"(anonymous_47)","line":452,"loc":{"start":{"line":452,"column":31},"end":{"line":452,"column":51}}},"48":{"name":"(anonymous_48)","line":467,"loc":{"start":{"line":467,"column":8},"end":{"line":467,"column":32}}},"49":{"name":"(anonymous_49)","line":470,"loc":{"start":{"line":470,"column":11},"end":{"line":470,"column":35}}},"50":{"name":"Service","line":476,"loc":{"start":{"line":476,"column":0},"end":{"line":476,"column":27}}},"51":{"name":"(anonymous_51)","line":486,"loc":{"start":{"line":486,"column":11},"end":{"line":486,"column":35}}},"52":{"name":"(anonymous_52)","line":489,"loc":{"start":{"line":489,"column":7},"end":{"line":489,"column":31}}},"53":{"name":"(anonymous_53)","line":492,"loc":{"start":{"line":492,"column":9},"end":{"line":492,"column":33}}},"54":{"name":"(anonymous_54)","line":495,"loc":{"start":{"line":495,"column":7},"end":{"line":495,"column":31}}},"55":{"name":"(anonymous_55)","line":498,"loc":{"start":{"line":498,"column":8},"end":{"line":498,"column":32}}},"56":{"name":"(anonymous_56)","line":501,"loc":{"start":{"line":501,"column":8},"end":{"line":501,"column":46}}},"57":{"name":"(anonymous_57)","line":504,"loc":{"start":{"line":504,"column":7},"end":{"line":504,"column":31}}},"58":{"name":"(anonymous_58)","line":507,"loc":{"start":{"line":507,"column":8},"end":{"line":507,"column":23}}},"59":{"name":"(anonymous_59)","line":511,"loc":{"start":{"line":511,"column":17},"end":{"line":511,"column":35}}},"60":{"name":"service","line":517,"loc":{"start":{"line":517,"column":0},"end":{"line":517,"column":49}}}},"statementMap":{"1":{"start":{"line":1,"column":0},"end":{"line":9,"column":38}},"2":{"start":{"line":11,"column":0},"end":{"line":18,"column":1}},"3":{"start":{"line":12,"column":2},"end":{"line":12,"column":24}},"4":{"start":{"line":13,"column":2},"end":{"line":15,"column":5}},"5":{"start":{"line":14,"column":4},"end":{"line":14,"column":30}},"6":{"start":{"line":17,"column":2},"end":{"line":17,"column":16}},"7":{"start":{"line":20,"column":0},"end":{"line":86,"column":1}},"8":{"start":{"line":21,"column":2},"end":{"line":21,"column":33}},"9":{"start":{"line":22,"column":2},"end":{"line":22,"column":28}},"10":{"start":{"line":23,"column":2},"end":{"line":23,"column":25}},"11":{"start":{"line":24,"column":2},"end":{"line":28,"column":4}},"12":{"start":{"line":30,"column":2},"end":{"line":30,"column":52}},"13":{"start":{"line":32,"column":2},"end":{"line":32,"column":45}},"14":{"start":{"line":35,"column":2},"end":{"line":35,"column":85}},"15":{"start":{"line":35,"column":22},"end":{"line":35,"column":85}},"16":{"start":{"line":36,"column":2},"end":{"line":36,"column":87}},"17":{"start":{"line":36,"column":28},"end":{"line":36,"column":87}},"18":{"start":{"line":37,"column":2},"end":{"line":37,"column":94}},"19":{"start":{"line":37,"column":58},"end":{"line":37,"column":94}},"20":{"start":{"line":40,"column":2},"end":{"line":44,"column":3}},"21":{"start":{"line":41,"column":4},"end":{"line":43,"column":45}},"22":{"start":{"line":42,"column":6},"end":{"line":42,"column":56}},"23":{"start":{"line":43,"column":9},"end":{"line":43,"column":45}},"24":{"start":{"line":46,"column":2},"end":{"line":46,"column":20}},"25":{"start":{"line":48,"column":2},"end":{"line":71,"column":3}},"26":{"start":{"line":49,"column":4},"end":{"line":49,"column":96}},"27":{"start":{"line":50,"column":4},"end":{"line":50,"column":88}},"28":{"start":{"line":51,"column":4},"end":{"line":56,"column":5}},"29":{"start":{"line":52,"column":8},"end":{"line":52,"column":56}},"30":{"start":{"line":55,"column":8},"end":{"line":55,"column":111}},"31":{"start":{"line":58,"column":4},"end":{"line":62,"column":5}},"32":{"start":{"line":59,"column":6},"end":{"line":59,"column":58}},"33":{"start":{"line":60,"column":6},"end":{"line":60,"column":73}},"34":{"start":{"line":61,"column":6},"end":{"line":61,"column":64}},"35":{"start":{"line":63,"column":4},"end":{"line":67,"column":5}},"36":{"start":{"line":64,"column":6},"end":{"line":64,"column":82}},"37":{"start":{"line":65,"column":6},"end":{"line":65,"column":33}},"38":{"start":{"line":66,"column":6},"end":{"line":66,"column":53}},"39":{"start":{"line":68,"column":4},"end":{"line":70,"column":5}},"40":{"start":{"line":69,"column":6},"end":{"line":69,"column":41}},"41":{"start":{"line":73,"column":2},"end":{"line":73,"column":61}},"42":{"start":{"line":75,"column":2},"end":{"line":83,"column":5}},"43":{"start":{"line":85,"column":2},"end":{"line":85,"column":22}},"44":{"start":{"line":88,"column":0},"end":{"line":88,"column":44}},"45":{"start":{"line":90,"column":0},"end":{"line":311,"column":3}},"46":{"start":{"line":92,"column":4},"end":{"line":92,"column":68}},"47":{"start":{"line":95,"column":4},"end":{"line":95,"column":40}},"48":{"start":{"line":96,"column":4},"end":{"line":96,"column":45}},"49":{"start":{"line":96,"column":23},"end":{"line":96,"column":45}},"50":{"start":{"line":97,"column":4},"end":{"line":97,"column":53}},"51":{"start":{"line":97,"column":24},"end":{"line":97,"column":53}},"52":{"start":{"line":98,"column":4},"end":{"line":98,"column":16}},"53":{"start":{"line":101,"column":4},"end":{"line":101,"column":18}},"54":{"start":{"line":103,"column":4},"end":{"line":107,"column":5}},"55":{"start":{"line":104,"column":6},"end":{"line":104,"column":43}},"56":{"start":{"line":105,"column":6},"end":{"line":105,"column":43}},"57":{"start":{"line":106,"column":6},"end":{"line":106,"column":43}},"58":{"start":{"line":109,"column":4},"end":{"line":114,"column":5}},"59":{"start":{"line":110,"column":6},"end":{"line":110,"column":83}},"60":{"start":{"line":111,"column":6},"end":{"line":111,"column":70}},"61":{"start":{"line":112,"column":11},"end":{"line":114,"column":5}},"62":{"start":{"line":113,"column":6},"end":{"line":113,"column":75}},"63":{"start":{"line":117,"column":4},"end":{"line":117,"column":20}},"64":{"start":{"line":119,"column":4},"end":{"line":166,"column":5}},"65":{"start":{"line":120,"column":6},"end":{"line":136,"column":7}},"66":{"start":{"line":123,"column":8},"end":{"line":132,"column":9}},"67":{"start":{"line":124,"column":12},"end":{"line":124,"column":94}},"68":{"start":{"line":125,"column":12},"end":{"line":125,"column":40}},"69":{"start":{"line":126,"column":12},"end":{"line":126,"column":37}},"70":{"start":{"line":127,"column":12},"end":{"line":127,"column":26}},"71":{"start":{"line":129,"column":12},"end":{"line":129,"column":91}},"72":{"start":{"line":130,"column":12},"end":{"line":130,"column":26}},"73":{"start":{"line":134,"column":8},"end":{"line":134,"column":66}},"74":{"start":{"line":135,"column":8},"end":{"line":135,"column":39}},"75":{"start":{"line":138,"column":6},"end":{"line":138,"column":20}},"76":{"start":{"line":141,"column":6},"end":{"line":142,"column":39}},"77":{"start":{"line":142,"column":8},"end":{"line":142,"column":39}},"78":{"start":{"line":144,"column":6},"end":{"line":146,"column":9}},"79":{"start":{"line":145,"column":8},"end":{"line":145,"column":22}},"80":{"start":{"line":148,"column":6},"end":{"line":165,"column":9}},"81":{"start":{"line":149,"column":8},"end":{"line":149,"column":35}},"82":{"start":{"line":150,"column":8},"end":{"line":164,"column":11}},"83":{"start":{"line":151,"column":10},"end":{"line":154,"column":11}},"84":{"start":{"line":152,"column":12},"end":{"line":152,"column":43}},"85":{"start":{"line":153,"column":12},"end":{"line":153,"column":19}},"86":{"start":{"line":155,"column":10},"end":{"line":155,"column":30}},"87":{"start":{"line":156,"column":10},"end":{"line":156,"column":45}},"88":{"start":{"line":157,"column":10},"end":{"line":163,"column":13}},"89":{"start":{"line":158,"column":12},"end":{"line":162,"column":13}},"90":{"start":{"line":159,"column":14},"end":{"line":159,"column":45}},"91":{"start":{"line":161,"column":14},"end":{"line":161,"column":48}},"92":{"start":{"line":169,"column":4},"end":{"line":169,"column":55}},"93":{"start":{"line":170,"column":4},"end":{"line":174,"column":5}},"94":{"start":{"line":171,"column":6},"end":{"line":171,"column":55}},"95":{"start":{"line":173,"column":6},"end":{"line":173,"column":27}},"96":{"start":{"line":177,"column":4},"end":{"line":177,"column":51}},"97":{"start":{"line":178,"column":4},"end":{"line":188,"column":5}},"98":{"start":{"line":179,"column":6},"end":{"line":179,"column":55}},"99":{"start":{"line":180,"column":6},"end":{"line":187,"column":7}},"100":{"start":{"line":181,"column":8},"end":{"line":181,"column":50}},"101":{"start":{"line":182,"column":8},"end":{"line":186,"column":9}},"102":{"start":{"line":183,"column":10},"end":{"line":185,"column":26}},"103":{"start":{"line":184,"column":12},"end":{"line":184,"column":47}},"104":{"start":{"line":189,"column":4},"end":{"line":189,"column":16}},"105":{"start":{"line":192,"column":4},"end":{"line":192,"column":20}},"106":{"start":{"line":193,"column":4},"end":{"line":202,"column":5}},"107":{"start":{"line":194,"column":6},"end":{"line":194,"column":27}},"108":{"start":{"line":196,"column":6},"end":{"line":196,"column":50}},"109":{"start":{"line":197,"column":6},"end":{"line":201,"column":7}},"110":{"start":{"line":198,"column":8},"end":{"line":198,"column":59}},"111":{"start":{"line":200,"column":8},"end":{"line":200,"column":29}},"112":{"start":{"line":205,"column":4},"end":{"line":205,"column":30}},"113":{"start":{"line":206,"column":4},"end":{"line":206,"column":38}},"114":{"start":{"line":207,"column":4},"end":{"line":207,"column":41}},"115":{"start":{"line":210,"column":4},"end":{"line":210,"column":20}},"116":{"start":{"line":211,"column":4},"end":{"line":213,"column":5}},"117":{"start":{"line":212,"column":6},"end":{"line":212,"column":43}},"118":{"start":{"line":216,"column":4},"end":{"line":216,"column":30}},"119":{"start":{"line":217,"column":4},"end":{"line":217,"column":24}},"120":{"start":{"line":218,"column":4},"end":{"line":218,"column":25}},"121":{"start":{"line":219,"column":4},"end":{"line":219,"column":25}},"122":{"start":{"line":222,"column":4},"end":{"line":226,"column":5}},"123":{"start":{"line":223,"column":6},"end":{"line":223,"column":40}},"124":{"start":{"line":225,"column":6},"end":{"line":225,"column":43}},"125":{"start":{"line":227,"column":4},"end":{"line":227,"column":86}},"126":{"start":{"line":228,"column":4},"end":{"line":228,"column":62}},"127":{"start":{"line":229,"column":4},"end":{"line":229,"column":42}},"128":{"start":{"line":232,"column":4},"end":{"line":232,"column":20}},"129":{"start":{"line":233,"column":4},"end":{"line":233,"column":41}},"130":{"start":{"line":234,"column":4},"end":{"line":238,"column":5}},"131":{"start":{"line":235,"column":6},"end":{"line":237,"column":19}},"132":{"start":{"line":236,"column":8},"end":{"line":236,"column":37}},"133":{"start":{"line":239,"column":4},"end":{"line":248,"column":7}},"134":{"start":{"line":240,"column":6},"end":{"line":240,"column":32}},"135":{"start":{"line":241,"column":6},"end":{"line":241,"column":38}},"136":{"start":{"line":242,"column":6},"end":{"line":242,"column":38}},"137":{"start":{"line":244,"column":6},"end":{"line":244,"column":32}},"138":{"start":{"line":245,"column":6},"end":{"line":247,"column":7}},"139":{"start":{"line":246,"column":8},"end":{"line":246,"column":35}},"140":{"start":{"line":251,"column":4},"end":{"line":251,"column":65}},"141":{"start":{"line":252,"column":4},"end":{"line":254,"column":5}},"142":{"start":{"line":253,"column":6},"end":{"line":253,"column":27}},"143":{"start":{"line":255,"column":4},"end":{"line":255,"column":52}},"144":{"start":{"line":256,"column":4},"end":{"line":256,"column":15}},"145":{"start":{"line":259,"column":4},"end":{"line":259,"column":20}},"146":{"start":{"line":260,"column":4},"end":{"line":269,"column":5}},"147":{"start":{"line":261,"column":6},"end":{"line":263,"column":9}},"148":{"start":{"line":262,"column":8},"end":{"line":262,"column":27}},"149":{"start":{"line":265,"column":6},"end":{"line":267,"column":7}},"150":{"start":{"line":266,"column":8},"end":{"line":266,"column":79}},"151":{"start":{"line":268,"column":6},"end":{"line":268,"column":25}},"152":{"start":{"line":271,"column":4},"end":{"line":271,"column":16}},"153":{"start":{"line":274,"column":4},"end":{"line":274,"column":20}},"154":{"start":{"line":276,"column":4},"end":{"line":285,"column":5}},"155":{"start":{"line":277,"column":6},"end":{"line":281,"column":7}},"156":{"start":{"line":278,"column":8},"end":{"line":278,"column":29}},"157":{"start":{"line":279,"column":13},"end":{"line":281,"column":7}},"158":{"start":{"line":280,"column":8},"end":{"line":280,"column":38}},"159":{"start":{"line":282,"column":6},"end":{"line":282,"column":25}},"160":{"start":{"line":284,"column":6},"end":{"line":284,"column":17}},"161":{"start":{"line":287,"column":4},"end":{"line":293,"column":7}},"162":{"start":{"line":288,"column":6},"end":{"line":292,"column":7}},"163":{"start":{"line":289,"column":8},"end":{"line":289,"column":35}},"164":{"start":{"line":291,"column":8},"end":{"line":291,"column":42}},"165":{"start":{"line":295,"column":4},"end":{"line":295,"column":24}},"166":{"start":{"line":296,"column":4},"end":{"line":296,"column":25}},"167":{"start":{"line":297,"column":4},"end":{"line":297,"column":28}},"168":{"start":{"line":298,"column":4},"end":{"line":298,"column":16}},"169":{"start":{"line":301,"column":4},"end":{"line":301,"column":20}},"170":{"start":{"line":302,"column":4},"end":{"line":302,"column":32}},"171":{"start":{"line":303,"column":4},"end":{"line":303,"column":36}},"172":{"start":{"line":304,"column":4},"end":{"line":308,"column":5}},"173":{"start":{"line":305,"column":6},"end":{"line":305,"column":36}},"174":{"start":{"line":307,"column":6},"end":{"line":307,"column":30}},"175":{"start":{"line":309,"column":4},"end":{"line":309,"column":16}},"176":{"start":{"line":313,"column":0},"end":{"line":319,"column":1}},"177":{"start":{"line":314,"column":2},"end":{"line":314,"column":26}},"178":{"start":{"line":315,"column":2},"end":{"line":315,"column":26}},"179":{"start":{"line":316,"column":2},"end":{"line":316,"column":91}},"180":{"start":{"line":317,"column":2},"end":{"line":317,"column":85}},"181":{"start":{"line":318,"column":2},"end":{"line":318,"column":17}},"182":{"start":{"line":321,"column":0},"end":{"line":326,"column":1}},"183":{"start":{"line":322,"column":2},"end":{"line":322,"column":42}},"184":{"start":{"line":323,"column":2},"end":{"line":323,"column":37}},"185":{"start":{"line":324,"column":2},"end":{"line":324,"column":46}},"186":{"start":{"line":325,"column":2},"end":{"line":325,"column":17}},"187":{"start":{"line":328,"column":0},"end":{"line":330,"column":1}},"188":{"start":{"line":329,"column":1},"end":{"line":329,"column":54}},"189":{"start":{"line":332,"column":0},"end":{"line":334,"column":1}},"190":{"start":{"line":333,"column":2},"end":{"line":333,"column":57}},"191":{"start":{"line":336,"column":0},"end":{"line":338,"column":1}},"192":{"start":{"line":337,"column":2},"end":{"line":337,"column":56}},"193":{"start":{"line":340,"column":0},"end":{"line":342,"column":1}},"194":{"start":{"line":341,"column":2},"end":{"line":341,"column":55}},"195":{"start":{"line":344,"column":0},"end":{"line":346,"column":1}},"196":{"start":{"line":345,"column":2},"end":{"line":345,"column":58}},"197":{"start":{"line":348,"column":0},"end":{"line":350,"column":1}},"198":{"start":{"line":349,"column":2},"end":{"line":349,"column":56}},"199":{"start":{"line":352,"column":0},"end":{"line":360,"column":1}},"200":{"start":{"line":353,"column":2},"end":{"line":353,"column":26}},"201":{"start":{"line":354,"column":2},"end":{"line":354,"column":91}},"202":{"start":{"line":355,"column":2},"end":{"line":355,"column":42}},"203":{"start":{"line":356,"column":2},"end":{"line":356,"column":55}},"204":{"start":{"line":357,"column":2},"end":{"line":357,"column":44}},"205":{"start":{"line":358,"column":2},"end":{"line":358,"column":35}},"206":{"start":{"line":359,"column":2},"end":{"line":359,"column":31}},"207":{"start":{"line":362,"column":0},"end":{"line":364,"column":1}},"208":{"start":{"line":363,"column":2},"end":{"line":363,"column":42}},"209":{"start":{"line":366,"column":0},"end":{"line":368,"column":1}},"210":{"start":{"line":367,"column":2},"end":{"line":367,"column":41}},"211":{"start":{"line":370,"column":0},"end":{"line":372,"column":1}},"212":{"start":{"line":371,"column":2},"end":{"line":371,"column":43}},"213":{"start":{"line":374,"column":0},"end":{"line":421,"column":2}},"214":{"start":{"line":376,"column":4},"end":{"line":376,"column":51}},"215":{"start":{"line":377,"column":4},"end":{"line":377,"column":22}},"216":{"start":{"line":378,"column":4},"end":{"line":398,"column":5}},"217":{"start":{"line":379,"column":6},"end":{"line":379,"column":51}},"218":{"start":{"line":380,"column":6},"end":{"line":397,"column":7}},"219":{"start":{"line":381,"column":8},"end":{"line":381,"column":59}},"220":{"start":{"line":384,"column":8},"end":{"line":384,"column":87}},"221":{"start":{"line":385,"column":8},"end":{"line":396,"column":9}},"222":{"start":{"line":386,"column":10},"end":{"line":386,"column":30}},"223":{"start":{"line":387,"column":10},"end":{"line":387,"column":54}},"224":{"start":{"line":388,"column":10},"end":{"line":388,"column":33}},"225":{"start":{"line":389,"column":10},"end":{"line":389,"column":25}},"226":{"start":{"line":390,"column":10},"end":{"line":394,"column":11}},"227":{"start":{"line":391,"column":12},"end":{"line":393,"column":50}},"228":{"start":{"line":395,"column":10},"end":{"line":395,"column":60}},"229":{"start":{"line":399,"column":4},"end":{"line":403,"column":5}},"230":{"start":{"line":400,"column":6},"end":{"line":400,"column":47}},"231":{"start":{"line":402,"column":6},"end":{"line":402,"column":27}},"232":{"start":{"line":406,"column":4},"end":{"line":419,"column":5}},"233":{"start":{"line":407,"column":6},"end":{"line":407,"column":21}},"234":{"start":{"line":408,"column":6},"end":{"line":413,"column":7}},"235":{"start":{"line":409,"column":8},"end":{"line":409,"column":38}},"236":{"start":{"line":411,"column":8},"end":{"line":411,"column":66}},"237":{"start":{"line":412,"column":8},"end":{"line":412,"column":28}},"238":{"start":{"line":414,"column":6},"end":{"line":416,"column":7}},"239":{"start":{"line":415,"column":8},"end":{"line":415,"column":35}},"240":{"start":{"line":418,"column":6},"end":{"line":418,"column":27}},"241":{"start":{"line":423,"column":0},"end":{"line":425,"column":2}},"242":{"start":{"line":427,"column":0},"end":{"line":444,"column":13}},"243":{"start":{"line":428,"column":2},"end":{"line":428,"column":29}},"244":{"start":{"line":430,"column":2},"end":{"line":441,"column":4}},"245":{"start":{"line":431,"column":4},"end":{"line":440,"column":5}},"246":{"start":{"line":432,"column":6},"end":{"line":437,"column":7}},"247":{"start":{"line":433,"column":8},"end":{"line":433,"column":40}},"248":{"start":{"line":435,"column":8},"end":{"line":435,"column":66}},"249":{"start":{"line":436,"column":8},"end":{"line":436,"column":28}},"250":{"start":{"line":439,"column":6},"end":{"line":439,"column":27}},"251":{"start":{"line":443,"column":2},"end":{"line":443,"column":59}},"252":{"start":{"line":446,"column":0},"end":{"line":464,"column":14}},"253":{"start":{"line":447,"column":2},"end":{"line":447,"column":33}},"254":{"start":{"line":449,"column":2},"end":{"line":461,"column":4}},"255":{"start":{"line":450,"column":4},"end":{"line":460,"column":5}},"256":{"start":{"line":451,"column":6},"end":{"line":451,"column":58}},"257":{"start":{"line":452,"column":6},"end":{"line":457,"column":9}},"258":{"start":{"line":453,"column":8},"end":{"line":455,"column":9}},"259":{"start":{"line":454,"column":10},"end":{"line":454,"column":67}},"260":{"start":{"line":456,"column":8},"end":{"line":456,"column":28}},"261":{"start":{"line":459,"column":6},"end":{"line":459,"column":27}},"262":{"start":{"line":463,"column":2},"end":{"line":463,"column":57}},"263":{"start":{"line":466,"column":0},"end":{"line":473,"column":2}},"264":{"start":{"line":468,"column":4},"end":{"line":468,"column":31}},"265":{"start":{"line":471,"column":4},"end":{"line":471,"column":32}},"266":{"start":{"line":476,"column":0},"end":{"line":483,"column":1}},"267":{"start":{"line":477,"column":2},"end":{"line":480,"column":3}},"268":{"start":{"line":478,"column":3},"end":{"line":478,"column":35}},"269":{"start":{"line":479,"column":3},"end":{"line":479,"column":27}},"270":{"start":{"line":482,"column":2},"end":{"line":482,"column":27}},"271":{"start":{"line":485,"column":0},"end":{"line":515,"column":3}},"272":{"start":{"line":487,"column":4},"end":{"line":487,"column":65}},"273":{"start":{"line":490,"column":4},"end":{"line":490,"column":61}},"274":{"start":{"line":493,"column":4},"end":{"line":493,"column":63}},"275":{"start":{"line":496,"column":4},"end":{"line":496,"column":61}},"276":{"start":{"line":499,"column":4},"end":{"line":499,"column":62}},"277":{"start":{"line":502,"column":4},"end":{"line":502,"column":76}},"278":{"start":{"line":505,"column":4},"end":{"line":505,"column":61}},"279":{"start":{"line":508,"column":4},"end":{"line":509,"column":21}},"280":{"start":{"line":508,"column":22},"end":{"line":508,"column":61}},"281":{"start":{"line":509,"column":9},"end":{"line":509,"column":21}},"282":{"start":{"line":512,"column":4},"end":{"line":512,"column":37}},"283":{"start":{"line":513,"column":4},"end":{"line":513,"column":29}},"284":{"start":{"line":517,"column":0},"end":{"line":521,"column":1}},"285":{"start":{"line":518,"column":2},"end":{"line":518,"column":54}},"286":{"start":{"line":519,"column":2},"end":{"line":519,"column":40}},"287":{"start":{"line":520,"column":2},"end":{"line":520,"column":21}},"288":{"start":{"line":523,"column":0},"end":{"line":541,"column":3}}},"branchMap":{"1":{"line":12,"type":"binary-expr","locations":[{"start":{"line":12,"column":11},"end":{"line":12,"column":17}},{"start":{"line":12,"column":21},"end":{"line":12,"column":23}}]},"2":{"line":32,"type":"binary-expr","locations":[{"start":{"line":32,"column":22},"end":{"line":32,"column":37}},{"start":{"line":32,"column":41},"end":{"line":32,"column":43}}]},"3":{"line":35,"
[...]
name":"(anonymous_15)","line":151,"loc":{"start":{"line":151,"column":14},"end":{"line":151,"column":25}}},"16":{"name":"(anonymous_16)","line":159,"loc":{"start":{"line":159,"column":9},"end":{"line":159,"column":36}}},"17":{"name":"writePart","line":167,"loc":{"start":{"line":167,"column":4},"end":{"line":167,"column":25}}},"18":{"name":"(anonymous_18)","line":170,"loc":{"start":{"line":170,"column":24},"end":{"line":170,"column":39}}},"19":{"name":"(anonymous_19)","line":189,"loc":{"start":{"line":189,"column":8},"end":{"line":189,"column":66}}},"20":{"name":"(anonymous_20)","line":192,"loc":{"start":{"line":192,"column":8},"end":{"line":192,"column":46}}},"21":{"name":"(anonymous_21)","line":195,"loc":{"start":{"line":195,"column":10},"end":{"line":195,"column":36}}},"22":{"name":"(anonymous_22)","line":201,"loc":{"start":{"line":201,"column":9},"end":{"line":201,"column":52}}},"23":{"name":"(anonymous_23)","line":208,"loc":{"start":{"line":208,"column":35},"end":{"line":208,"column":58}}}},"statementMap":{"1":{"start":{"line":1,"column":0},"end":{"line":1,"column":23}},"2":{"start":{"line":2,"column":0},"end":{"line":2,"column":25}},"3":{"start":{"line":3,"column":0},"end":{"line":3,"column":58}},"4":{"start":{"line":8,"column":0},"end":{"line":15,"column":1}},"5":{"start":{"line":10,"column":1},"end":{"line":12,"column":2}},"6":{"start":{"line":11,"column":2},"end":{"line":11,"column":19}},"7":{"start":{"line":13,"column":1},"end":{"line":13,"column":22}},"8":{"start":{"line":17,"column":0},"end":{"line":31,"column":1}},"9":{"start":{"line":20,"column":1},"end":{"line":24,"column":2}},"10":{"start":{"line":21,"column":2},"end":{"line":21,"column":22}},"11":{"start":{"line":23,"column":2},"end":{"line":23,"column":36}},"12":{"start":{"line":29,"column":4},"end":{"line":29,"column":67}},"13":{"start":{"line":33,"column":0},"end":{"line":39,"column":1}},"14":{"start":{"line":34,"column":2},"end":{"line":34,"column":19}},"15":{"start":{"line":35,"column":2},"end":{"line":35,"column":51}},"16":{"start":{"line":36,"column":2},"end":{"line":36,"column":27}},"17":{"start":{"line":37,"column":2},"end":{"line":37,"column":39}},"18":{"start":{"line":38,"column":2},"end":{"line":38,"column":63}},"19":{"start":{"line":41,"column":0},"end":{"line":46,"column":2}},"20":{"start":{"line":43,"column":4},"end":{"line":43,"column":36}},"21":{"start":{"line":44,"column":4},"end":{"line":44,"column":35}},"22":{"start":{"line":48,"column":0},"end":{"line":52,"column":1}},"23":{"start":{"line":49,"column":2},"end":{"line":49,"column":27}},"24":{"start":{"line":50,"column":2},"end":{"line":50,"column":63}},"25":{"start":{"line":51,"column":2},"end":{"line":51,"column":19}},"26":{"start":{"line":54,"column":0},"end":{"line":58,"column":1}},"27":{"start":{"line":55,"column":2},"end":{"line":55,"column":19}},"28":{"start":{"line":56,"column":2},"end":{"line":56,"column":21}},"29":{"start":{"line":57,"column":2},"end":{"line":57,"column":27}},"30":{"start":{"line":61,"column":0},"end":{"line":140,"column":1}},"31":{"start":{"line":65,"column":3},"end":{"line":65,"column":14}},"32":{"start":{"line":67,"column":4},"end":{"line":79,"column":4}},"33":{"start":{"line":68,"column":5},"end":{"line":71,"column":57}},"34":{"start":{"line":72,"column":11},"end":{"line":79,"column":4}},"35":{"start":{"line":73,"column":5},"end":{"line":76,"column":57}},"36":{"start":{"line":78,"column":6},"end":{"line":78,"column":76}},"37":{"start":{"line":81,"column":3},"end":{"line":81,"column":62}},"38":{"start":{"line":86,"column":3},"end":{"line":86,"column":17}},"39":{"start":{"line":87,"column":3},"end":{"line":95,"column":4}},"40":{"start":{"line":88,"column":5},"end":{"line":88,"column":37}},"41":{"start":{"line":89,"column":10},"end":{"line":95,"column":4}},"42":{"start":{"line":90,"column":5},"end":{"line":90,"column":40}},"43":{"start":{"line":91,"column":15},"end":{"line":95,"column":4}},"44":{"start":{"line":92,"column":10},"end":{"line":92,"column":51}},"45":{"start":{"line":94,"column":5},"end":{"line":94,"column":35}},"46":{"start":{"line":96,"column":3},"end":{"line":96,"column":47}},"47":{"start":{"line":105,"column":4},"end":{"line":105,"column":20}},"48":{"start":{"line":108,"column":3},"end":{"line":108,"column":31}},"49":{"start":{"line":111,"column":4},"end":{"line":138,"column":4}},"50":{"start":{"line":112,"column":5},"end":{"line":130,"column":8}},"51":{"start":{"line":113,"column":7},"end":{"line":113,"column":26}},"52":{"start":{"line":113,"column":16},"end":{"line":113,"column":26}},"53":{"start":{"line":115,"column":6},"end":{"line":115,"column":23}},"54":{"start":{"line":117,"column":7},"end":{"line":129,"column":12}},"55":{"start":{"line":118,"column":9},"end":{"line":128,"column":12}},"56":{"start":{"line":119,"column":11},"end":{"line":119,"column":33}},"57":{"start":{"line":119,"column":19},"end":{"line":119,"column":33}},"58":{"start":{"line":120,"column":11},"end":{"line":120,"column":31}},"59":{"start":{"line":121,"column":11},"end":{"line":121,"column":32}},"60":{"start":{"line":122,"column":11},"end":{"line":127,"column":10}},"61":{"start":{"line":122,"column":22},"end":{"line":122,"column":31}},"62":{"start":{"line":124,"column":11},"end":{"line":124,"column":31}},"63":{"start":{"line":125,"column":11},"end":{"line":125,"column":22}},"64":{"start":{"line":126,"column":11},"end":{"line":126,"column":24}},"65":{"start":{"line":131,"column":12},"end":{"line":138,"column":4}},"66":{"start":{"line":132,"column":5},"end":{"line":132,"column":35}},"67":{"start":{"line":133,"column":5},"end":{"line":133,"column":26}},"68":{"start":{"line":134,"column":5},"end":{"line":134,"column":16}},"69":{"start":{"line":136,"column":5},"end":{"line":136,"column":39}},"70":{"start":{"line":137,"column":5},"end":{"line":137,"column":16}},"71":{"start":{"line":143,"column":0},"end":{"line":148,"column":1}},"72":{"start":{"line":144,"column":2},"end":{"line":144,"column":27}},"73":{"start":{"line":145,"column":2},"end":{"line":145,"column":54}},"74":{"start":{"line":146,"column":2},"end":{"line":146,"column":19}},"75":{"start":{"line":147,"column":2},"end":{"line":147,"column":37}},"76":{"start":{"line":150,"column":0},"end":{"line":186,"column":1}},"77":{"start":{"line":152,"column":4},"end":{"line":152,"column":23}},"78":{"start":{"line":153,"column":4},"end":{"line":155,"column":4}},"79":{"start":{"line":154,"column":6},"end":{"line":154,"column":26}},"80":{"start":{"line":156,"column":3},"end":{"line":156,"column":20}},"81":{"start":{"line":160,"column":4},"end":{"line":160,"column":35}},"82":{"start":{"line":164,"column":3},"end":{"line":164,"column":35}},"83":{"start":{"line":167,"column":3},"end":{"line":184,"column":9}},"84":{"start":{"line":168,"column":5},"end":{"line":168,"column":46}},"85":{"start":{"line":169,"column":5},"end":{"line":169,"column":71}},"86":{"start":{"line":170,"column":5},"end":{"line":183,"column":8}},"87":{"start":{"line":171,"column":6},"end":{"line":174,"column":7}},"88":{"start":{"line":172,"column":7},"end":{"line":172,"column":21}},"89":{"start":{"line":173,"column":7},"end":{"line":173,"column":14}},"90":{"start":{"line":175,"column":7},"end":{"line":175,"column":22}},"91":{"start":{"line":176,"column":7},"end":{"line":182,"column":7}},"92":{"start":{"line":177,"column":9},"end":{"line":177,"column":21}},"93":{"start":{"line":179,"column":8},"end":{"line":179,"column":59}},"94":{"start":{"line":181,"column":10},"end":{"line":181,"column":54}},"95":{"start":{"line":181,"column":24},"end":{"line":181,"column":54}},"96":{"start":{"line":188,"column":0},"end":{"line":206,"column":1}},"97":{"start":{"line":190,"column":4},"end":{"line":190,"column":68}},"98":{"start":{"line":193,"column":4},"end":{"line":193,"column":49}},"99":{"start":{"line":196,"column":4},"end":{"line":196,"column":22}},"100":{"start":{"line":197,"column":3},"end":{"line":197,"column":50}},"101":{"start":{"line":198,"column":3},"end":{"line":198,"column":87}},"102":{"start":{"line":198,"column":27},"end":{"line":198,"column":87}},"103":{"start":{"line":199,"column":3},"end":{"line":199,"column":42}},"104":{"start":{"line":202,"column":4},"end":{"line":202,"column":49}},"105":{"start":{"line":203,"column":4},"end":{"line":203,"column":30}},"106":{"start":{"line":204,"column":4},"end":{"line":204,"column":13}},"107":{"start":{"line":208,"column":0},"end":{"line":210,"column":2}},"108":{"start":{"line":209,"column":2},"end":{"line":209,"column":53}}},"branchMap":{"1":{"line":10,"type":"if","locations":[{"start":{"line":10,"column":1},"end":{"line":10,"column":1}},{"start":{"line":10,"column":1},"end":{"line":10,"column":1}}]},"2":{"line":20,"type":"if","locations":[{"start":{"line":20,"column":1},"end":{"line":20,"column":1}},{"start":{"line":20,"column":1},"end":{"line":20,"column":1}}]},"3":{"line":29,"type":"binary-expr","locations":[{"start":{"line":29,"column":14},"end":{"line":29,"column":24}},{"start":{"line":29,"column":29},"end":{"line":29,"column":32}},{"start":{"line":29,"column":36},"end":{"line":29,"column":50}},{"start":{"line":29,"column":54},"end":{"line":29,"column":64}}]},"4":{"line":35,"type":"binary-expr","locations":[{"start":{"line":35,"column":18},"end":{"line":35,"column":26}},{"start":{"line":35,"column":30},"end":{"line":35,"column":50}}]},"5":{"line":37,"type":"binary-expr","locations":[{"start":{"line":37,"column":18},"end":{"line":37,"column":26}},{"start":{"line":37,"column":30},"end":{"line":37,"column":38}}]},"6":{"line":38,"type":"binary-expr","locations":[{"start":{"line":38,"column":21},"end":{"line":38,"column":32}},{"start":{"line":38,"column":36},"end":{"line":38,"column":62}}]},"7":{"line":50,"type":"binary-expr","locations":[{"start":{"line":50,"column":21},"end":{"line":50,"column":32}},{"start":{"line":50,"column":36},"end":{"line":50,"column":62}}]},"8":{"line":67,"type":"if","locations":[{"start":{"line":67,"column":4},"end":{"line":67,"column":4}},{"start":{"line":67,"column":4},"end":{"line":67,"column":4}}]},"9":{"line":72,"type":"if","locations":[{"start":{"line":72,"column":11},"end":{"line":72,"column":11}},{"start":{"line":72,"column":11},"end":{"line":72,"column":11}}]},"10":{"line":87,"type":"if","locations":[{"start":{"line":87,"column":3},"end":{"line":87,"column":3}},{"start":{"line":87,"column":3},"end":{"line":87,"column":3}}]},"11":{"line":89,"type":"if","locations":[{"start":{"line":89,"column":10},"end":{"line":89,"column":10}},{"start":{"line":89,"column":10},"end":{"line":89,"column":10}}]},"12":{"line":91,"type":"if","locations":[{"start":{"line":91,"column":15},"end":{"line":91,"column":15}},{"start":{"line":91,"column":15},"end":{"line":91,"column":15}}]},"13":{"line":111,"type":"if","locations":[{"start":{"line":111,"column":4},"end":{"line":111,"column":4}},{"start":{"line":111,"column":4},"end":{"line":111,"column":4}}]},"14":{"line":113,"type":"if","locations":[{"start":{"line":113,"column":7},"end":{"line":113,"column":7}},{"start":{"line":113,"column":7},"end":{"line":113,"column":7}}]},"15":{"line":119,"type":"if","locations":[{"start":{"line":119,"column":11},"end":{"line":119,"column":11}},{"start":{"line":119,"column":11},"end":{"line":119,"column":11}}]},"16":{"line":122,"type":"if","locations":[{"start":{"line":122,"column":11},"end":{"line":122,"column":11}},{"start":{"line":122,"column":11},"end":{"line":122,"column":11}}]},"17":{"line":131,"type":"if","locations":[{"start":{"line":131,"column":12},"end":{"line":131,"column":12}},{"start":{"line":131,"column":12},"end":{"line":131,"column":12}}]},"18":{"line":145,"type":"binary-expr","locations":[{"start":{"line":145,"column":18},"end":{"line":145,"column":26}},{"start":{"line":145,"column":30},"end":{"line":145,"column":53}}]},"19":{"line":171,"type":"if","locations":[{"start":{"line":171,"column":6},"end":{"line":171,"column":6}},{"start":{"line":171,"column":6},"end":{"line":171,"column":6}}]},"20":{"line":176,"type":"if","locations":[{"start":{"line":176,"column":7},"end":{"line":176,"column":7}},{"start":{"line":176,"column":7},"end":{"line":176,"column":7}}]},"21":{"line":181,"type":"if","locations":[{"start":{"line":181,"column":10},"end":{"line":181,"column":10}},{"start":{"line":181,"column":10},"end":{"line":181,"column":10}}]},"22":{"line":181,"type":"binary-expr","locations":[{"start":{"line":181,"column":33},"end":{"line":181,"column":46}},{"start":{"line":181,"column":50},"end":{"line":181,"column":52}}]},"23":{"line":197,"type":"binary-expr","locations":[{"start":{"line":197,"column":14},"end":{"line":197,"column":22}},{"start":{"line":197,"column":26},"end":{"line":197,"column":49}}]}},"code":["var fs = require('fs');","var sys = require('util')","exports.defaultBoundary = '48940923NODERESLTER3890457293';","","","// This little object allows us hijack the write method via duck-typing","// and write to strings or regular streams that support the write method.","function Stream(stream) {","\t//If the user pases a string for stream,we initalize one to write to","\tif (this._isString(stream)) {","\t\tthis.string = \"\";","\t}","\tthis.stream = stream;","\t","}","","Stream.prototype = {","  //write to an internal String or to the Stream","  write: function(data) {","\tif (this.string != undefined) {","\t\tthis.string += data;","\t} else {","\t\tthis.stream.write(data, \"binary\");","\t}","  },","","  //stolen from underscore.js","  _isString: function(obj) {","    return !!(obj === '' || (obj && obj.charCodeAt && obj.substr));","  }","}","","function File(path, filename, fileSize, encoding, contentType) {","  this.path = path;","  this.filename = filename || this._basename(path);","  this.fileSize = fileSize;","  this.encoding = encoding || \"binary\";","  this.contentType = contentType || 'application/octet-stream';","}","","File.prototype = {","  _basename: function(path) {","    var parts = path.split(/\\/|\\\\/);","    return parts[parts.length - 1];","  }","};","","function Data(filename, contentType, data) {","  this.filename = filename;","  this.contentType = contentType || 'application/octet-stream';","  this.data = data;","}","","function Part(name, value, boundary) {","  this.name = name;","  this.value = value;","  this.boundary = boundary;","}","","","Part.prototype = {","\t","  //returns the Content-Disposition header\t\t","  header: function() {","\t  var header;","\t  ","    if (this.value.data) {","\t    header = \"Content-Disposition: form-data; name=\\\"\" + this.name + ","  \t            \"\\\"; filename=\\\"\" + this.value.filename + \"\\\"\\r\\n\" +","  \t            \"Content-Length: \" + this.value.data.length + \"\\r\\n\" +\t","  \t            \"Content-Type: \" + this.value.contentType;"," \t  } else if (this.value instanceof File) {","  \t  header = \"Content-Disposition: form-data; name=\\\"\" + this.name + ","  \t            \"\\\"; filename=\\\"\" + this.value.filename + \"\\\"\\r\\n\" +","  \t            \"Content-Length: \" + this.value.fileSize + \"\\r\\n\" +\t","  \t            \"Content-Type: \" + this.value.contentType;\t","  \t} else {","      header = \"Content-Disposition: form-data; name=\\\"\" + this.name + \"\\\"\";","  \t}","  \t","\t  return \"--\" + this.boundary + \"\\r\\n\" + header + \"\\r\\n\\r\\n\";","  },","","  //calculates the size of the Part","  sizeOf: function() {","\t  var valueSize;","  \tif (this.value instanceof File) {","  \t  valueSize = this.value.fileSize;","  \t} else if (this.value.data) {","  \t  valueSize = this.value.data.length;","        } else if (typeof this.value === 'number') {","          valueSize = this.value.toString().length;","  \t} else {","  \t  valueSize = this.value.length;","  \t}","  \treturn valueSize + this.header().length + 2; ","  },","","  // Writes the Part out to a writable stream that supports the write(data) method","  // You can also pass in a String and a String will be returned to the callback","  // with the whole Part","  // Calls the callback when complete","  write: function(stream, callback) {","\t","    var self = this;","\t","\t  //first write the Content-Disposition","\t  stream.write(this.header());","\t","  \t//Now write out the body of the Part","    if (this.value instanceof File) {","  \t  fs.open(this.value.path, \"r\", 0666, function (err, fd) { ","    \t  if (err) throw err; ","    \t  ","  \t\t  var position = 0;","  \t\t  ","  \t    (function reader () {","  \t      fs.read(fd, 1024 * 4, position, \"binary\", function (er, chunk) {","  \t        if (er) callback(err);","  \t        stream.write(chunk); ","  \t        position += 1024 * 4;","  \t        if (chunk) reader();","  \t        else {","  \t\t\t      stream.write(\"\\r\\n\")","      \t\t\t  callback();","      \t\t\t  fs.close(fd);","      \t\t\t}","  \t      }); ","  \t    })(); // reader() ","  \t  });","     } else if (this.value instanceof Data) {","  \t  stream.write(this.value.data);","  \t  stream.write(\"\\r\\n\");","  \t  callback();","     } else {","  \t  stream.write(this.value + \"\\r\\n\");","  \t  callback();","  \t}","  }","}","","//Renamed to MultiPartRequest from Request","function MultiPartRequest(data, boundary) {","  this.encoding = 'binary';","  this.boundary = boundary || exports.defaultBoundary;","  this.data = data;","  this.partNames = this._partNames();","}","","MultiPartRequest.prototype = {","  _partNames: function() {","    var partNames = [];","    for (var name in this.data) {","      partNames.push(name)","  \t}","  \treturn partNames;","  },","  ","  write: function(stream, callback) {","    var partCount = 0, self = this;","    ","\t  // wrap the stream in our own Stream object","  \t// See the Stream function above for the benefits of this","  \tvar stream = new Stream(stream);","  \t","  \t// Let each part write itself out to the stream","  \t(function writePart() {","  \t  var partName = self.partNames[partCount];","  \t  var part = new Part(partName, self.data[partName], self.boundary);","  \t  part.write(stream, function (err) {","  \t\t  if (err) {","    \t\t\tcallback(err);","    \t\t\treturn;","    \t\t}","     \t\tpartCount += 1;","    \t  if (partCount < self.partNames.length)","    \t    writePart();","    \t\telse {","    \t\t  stream.write('--' + self.boundary + '--' + \"\\r\\n\");","","          if (callback) callback(stream.string || \"\");","    \t\t}","  \t  });","    })(); ","  }","}","","var exportMethods = {","  file: function(path, filename, fileSize, encoding, contentType) { ","    return new File(path, filename, fileSize, encoding, contentType)","  },","  data: function(filename, contentType, data) {","    return new Data(filename, contentType, data);","  },","  sizeOf: function(parts, boundary) {","    var totalSize = 0;","\t  boundary = boundary || exports.defaultBoundary;","  \tfor (var name in parts) totalSize += new Part(name, parts[name], boundary).sizeOf();","  \treturn totalSize + boundary.length + 6;","  },","  write: function(stream, data, callback, boundary) {","    var r = new MultiPartRequest(data, boundary);","    r.write(stream, callback);","    return r;","  }","}","","Object.keys(exportMethods).forEach(function(exportMethod) {","  exports[exportMethod] = exportMethods[exportMethod]","})",""],"l":{"1":1,"2":1,"3":1,"8":1,"10":0,"11":0,"13":0,"17":1,"20":0,"21":0,"23":0,"29":0,"33":1,"34":0,"35":0,"36":0,"37":0,"38":0,"41":1,"43":0,"44":0,"48":1,"49":0,"50":0,"51":0,"54":1,"55":0,"56":0,"57":0,"61":1,"65":0,"67":0,"68":0,"72":0,"73":0,"78":0,"81":0,"86":0,"87":0,"88":0,"89":0,"90":0,"91":0,"92":0,"94":0,"96":0,"105":0,"108":0,"111":0,"112":0,"113":0,"115":0,"117":0,"118":0,"119":0,"120":0,"121":0,"122":0,"124":0,"125":0,"126":0,"131":0,"132":0,"133":0,"134":0,"136":0,"137":0,"143":1,"144":0,"145":0,"146":0,"147":0,"150":1,"152":0,"153":0,"154":0,"156":0,"160":0,"164":0,"167":0,"168":0,"169":0,"170":0,"171":0,"172":0,"173":0,"175":0,"176":0,"177":0,"179":0,"181":0,"188":1,"190":0,"193":0,"196":0,"197":0,"198":0,"199":0,"202":0,"203":0,"204":0,"208":1,"209":4}}}